Log file open, 05/15/19 16:41:40
LogWindows: Failed to load 'aqProf.dll' (GetLastError=126)
LogWindows: File 'aqProf.dll' does not exist
LogWindows: Failed to load 'VtuneApi.dll' (GetLastError=126)
LogWindows: File 'VtuneApi.dll' does not exist
LogWindows: Failed to load 'VtuneApi32e.dll' (GetLastError=126)
LogWindows: File 'VtuneApi32e.dll' does not exist
LogConsoleResponse: Display: Failed to find resolution value strings in scalability ini. Falling back to default.
LogInit: Display: Running engine for game: Platforming
LogPakFile: Registered encryption key '00000000000000000000000000000000': 0 pak files mounted, 0 remain pending
LogPlatformFile: Not using cached read wrapper
LogTaskGraph: Started task graph with 5 named threads and 14 total threads with 3 sets of task threads.
LogStats: Stats thread started at 0.298411
LogD3D11RHI: Loaded GFSDK_Aftermath_Lib.x64.dll
LogICUInternationalization: ICU TimeZone Detection - Raw Offset: +10:00, Platform Override: ''
LogPluginManager: Mounting plugin Paper2D
LogPluginManager: Mounting plugin AISupport
LogPluginManager: Mounting plugin LightPropagationVolume
LogPluginManager: Mounting plugin ActorLayerUtilities
LogPluginManager: Mounting plugin CLionSourceCodeAccess
LogPluginManager: Mounting plugin CodeLiteSourceCodeAccess
LogPluginManager: Mounting plugin GitSourceControl
LogPluginManager: Mounting plugin KDevelopSourceCodeAccess
LogPluginManager: Mounting plugin NullSourceCodeAccess
LogPluginManager: Mounting plugin PerforceSourceControl
LogPluginManager: Mounting plugin SubversionSourceControl
LogPluginManager: Mounting plugin UObjectPlugin
LogPluginManager: Mounting plugin VisualStudioCodeSourceCodeAccess
LogPluginManager: Mounting plugin VisualStudioSourceCodeAccess
LogPluginManager: Mounting plugin XCodeSourceCodeAccess
LogPluginManager: Mounting plugin AssetManagerEditor
LogPluginManager: Mounting plugin CryptoKeys
LogPluginManager: Mounting plugin DataValidation
LogPluginManager: Mounting plugin FacialAnimation
LogPluginManager: Mounting plugin GameplayTagsEditor
LogPluginManager: Mounting plugin MacGraphicsSwitching
LogPluginManager: Mounting plugin MeshEditor
LogPluginManager: Mounting plugin MobileLauncherProfileWizard
LogPluginManager: Mounting plugin PluginBrowser
LogPluginManager: Mounting plugin SpeedTreeImporter
LogPluginManager: Mounting plugin DatasmithContent
LogPluginManager: Mounting plugin VariantManagerContent
LogPluginManager: Mounting plugin AlembicImporter
LogPluginManager: Mounting plugin AppleImageUtils
LogPluginManager: Mounting plugin AppleVision
LogPluginManager: Mounting plugin BackChannel
LogPluginManager: Mounting plugin CharacterAI
LogPluginManager: Mounting plugin GeometryCache
LogPluginManager: Mounting plugin HTML5Networking
LogPluginManager: Mounting plugin ProxyLODPlugin
LogPluginManager: Mounting plugin MagicLeap
LogPluginManager: Mounting plugin MagicLeapMedia
LogPluginManager: Mounting plugin AndroidMedia
LogPluginManager: Mounting plugin AvfMedia
LogPluginManager: Mounting plugin ImgMedia
LogPluginManager: Mounting plugin LinearTimecode
LogPluginManager: Mounting plugin MediaCompositing
LogPluginManager: Mounting plugin MediaPlayerEditor
LogPluginManager: Mounting plugin WebMMedia
LogPluginManager: Mounting plugin WmfMedia
LogPluginManager: Mounting plugin TcpMessaging
LogPluginManager: Mounting plugin UdpMessaging
LogPluginManager: Mounting plugin ActorSequence
LogPluginManager: Mounting plugin LevelSequenceEditor
LogPluginManager: Mounting plugin MatineeToLevelSequence
LogPluginManager: Mounting plugin NetcodeUnitTest
LogPluginManager: Mounting plugin NUTUnrealEngine4
LogPluginManager: Mounting plugin OnlineSubsystemGooglePlay
LogPluginManager: Mounting plugin OnlineSubsystemIOS
LogPluginManager: Mounting plugin OnlineSubsystem
LogPluginManager: Mounting plugin OnlineSubsystemNull
LogPluginManager: Mounting plugin OnlineSubsystemUtils
LogPluginManager: Mounting plugin LauncherChunkInstaller
LogPluginManager: Mounting plugin AndroidDeviceProfileSelector
LogPluginManager: Mounting plugin AndroidMoviePlayer
LogPluginManager: Mounting plugin AndroidPermission
LogPluginManager: Mounting plugin AppleMoviePlayer
LogPluginManager: Mounting plugin ArchVisCharacter
LogPluginManager: Mounting plugin AudioCapture
LogPluginManager: Mounting plugin CableComponent
LogPluginManager: Mounting plugin CustomMeshComponent
LogPluginManager: Mounting plugin EditableMesh
LogPluginManager: Mounting plugin ExampleDeviceProfileSelector
LogPluginManager: Mounting plugin Firebase
LogPluginManager: Mounting plugin GoogleCloudMessaging
LogPluginManager: Mounting plugin IOSDeviceProfileSelector
LogPluginManager: Mounting plugin LinuxDeviceProfileSelector
LogPluginManager: Mounting plugin LocationServicesBPLibrary
LogPluginManager: Mounting plugin MobilePatchingUtils
LogPluginManager: Mounting plugin OculusVR
LogPluginManager: Mounting plugin PhysXVehicles
LogPluginManager: Mounting plugin ProceduralMeshComponent
LogPluginManager: Mounting plugin RuntimePhysXCooking
LogPluginManager: Mounting plugin SteamVR
LogPluginManager: Mounting plugin WebMMoviePlayer
LogPluginManager: Mounting plugin WindowsMoviePlayer
LogStreaming: Display: Took  2.305s to configure plugins.
LogInit: Using libcurl 7.55.1-DEV
LogInit:  - built for x86_64-pc-win32
LogInit:  - supports SSL with OpenSSL/1.0.2h
LogInit:  - supports HTTP deflate (compression) using libz 1.2.8
LogInit:  - other features:
LogInit:      CURL_VERSION_SSL
LogInit:      CURL_VERSION_LIBZ
LogInit:      CURL_VERSION_IPV6
LogInit:      CURL_VERSION_ASYNCHDNS
LogInit:      CURL_VERSION_LARGEFILE
LogInit:      CURL_VERSION_IDN
LogInit:  CurlRequestOptions (configurable via config and command line):
LogInit:  - bVerifyPeer = true  - Libcurl will verify peer certificate
LogInit:  - bUseHttpProxy = false  - Libcurl will NOT use HTTP proxy
LogInit:  - bDontReuseConnections = false  - Libcurl will reuse connections
LogInit:  - MaxHostConnections = 16  - Libcurl will limit the number of connections to a host
LogInit:  - LocalHostAddr = Default
LogInit:  - BufferSize = 65536
LogInit: WinSock: version 1.1 (2.2), MaxSocks=32767, MaxUdp=65467
LogInit: Build: ++UE4+Release-4.21-CL-4753647
LogInit: Engine Version: 4.21.2-4753647+++UE4+Release-4.21
LogInit: Compatible Engine Version: 4.21.0-4541578+++UE4+Release-4.21
LogInit: Net CL: 4541578
LogInit: OS: Windows 10 (), CPU: Intel(R) Core(TM) i5-4460T CPU @ 1.90GHz, GPU: Intel(R) HD Graphics 4600
LogInit: Compiled (64-bit): Jan 19 2019 02:07:31
LogInit: Compiled with Visual C++: 19.13.26129.00
LogInit: Build Configuration: Development
LogInit: Branch Name: ++UE4+Release-4.21
LogInit: Command Line: 
LogInit: Base Directory: C:/Program Files/Epic Games/UE_4.21/Engine/Binaries/Win64/
LogInit: Installed Engine Build: 1
LogDevObjectVersion: Number of dev versions registered: 22
LogDevObjectVersion:   Dev-Blueprints (B0D832E4-1F89-4F0D-ACCF-7EB736FD4AA2): 10
LogDevObjectVersion:   Dev-Build (E1C64328-A22C-4D53-A36C-8E866417BD8C): 0
LogDevObjectVersion:   Dev-Core (375EC13C-06E4-48FB-B500-84F0262A717E): 2
LogDevObjectVersion:   Dev-Editor (E4B068ED-F494-42E9-A231-DA0B2E46BB41): 26
LogDevObjectVersion:   Dev-Framework (CFFC743F-43B0-4480-9391-14DF171D2073): 34
LogDevObjectVersion:   Dev-Mobile (B02B49B5-BB20-44E9-A304-32B752E40360): 2
LogDevObjectVersion:   Dev-Networking (A4E4105C-59A1-49B5-A7C5-40C4547EDFEE): 0
LogDevObjectVersion:   Dev-Online (39C831C9-5AE6-47DC-9A44-9C173E1C8E7C): 0
LogDevObjectVersion:   Dev-Physics (78F01B33-EBEA-4F98-B9B4-84EACCB95AA2): 0
LogDevObjectVersion:   Dev-Platform (6631380F-2D4D-43E0-8009-CF276956A95A): 0
LogDevObjectVersion:   Dev-Rendering (12F88B9F-8875-4AFC-A67C-D90C383ABD29): 27
LogDevObjectVersion:   Dev-Sequencer (7B5AE74C-D270-4C10-A958-57980B212A5A): 9
LogDevObjectVersion:   Dev-VR (D7296918-1DD6-4BDD-9DE2-64A83CC13884): 2
LogDevObjectVersion:   Dev-LoadTimes (C2A15278-BFE7-4AFE-6C17-90FF531DF755): 1
LogDevObjectVersion:   Private-Geometry (6EACA3D4-40EC-4CC1-B786-8BED09428FC5): 3
LogDevObjectVersion:   Dev-AnimPhys (29E575DD-E0A3-4627-9D10-D276232CDCEA): 17
LogDevObjectVersion:   Dev-Anim (AF43A65D-7FD3-4947-9873-3E8ED9C1BB05): 2
LogDevObjectVersion:   Dev-ReflectionCapture (6B266CEC-1EC7-4B8F-A30B-E4D90942FC07): 1
LogDevObjectVersion:   Dev-Automation (0DF73D61-A23F-47EA-B727-89E90C41499A): 1
LogDevObjectVersion:   FortniteMain (601D1886-AC64-4F84-AA16-D3DE0DEAC7D6): 17
LogDevObjectVersion:   Dev-Enterprise (9DFFBCD6-494F-0158-E221-12823C92A888): 4
LogDevObjectVersion:   Dev-Niagara (F2AED0AC-9AFE-416F-8664-AA7FFA26D6FC): 1
LogStreaming: Display: Took  0.001s to delete old logs.
LogInit: Presizing for max 8388607 objects, including 0 objects not considered by GC, pre-allocating 0 bytes for permanent pool.
LogInit: Object subsystem initialized
LogConfig: Setting CVar [[con.DebugEarlyDefault:1]]
LogConfig: Setting CVar [[r.setres:1280x720]]
[2019.05.15-06.41.43:430][  0]LogConfig: Setting CVar [[r.VSync:0]]
[2019.05.15-06.41.43:430][  0]LogConfig: Setting CVar [[r.RHICmdBypass:0]]
[2019.05.15-06.41.43:430][  0]LogConfig: Applying CVar settings from Section [/Script/Engine.RendererSettings] File [C:/Users/Radio Rentals/Documents/GitHub/platforming/Platforming/Saved/Config/Windows/Engine.ini]
[2019.05.15-06.41.43:431][  0]LogConfig: Setting CVar [[r.GPUCrashDebugging:0]]
[2019.05.15-06.41.43:431][  0]LogConfig: Applying CVar settings from Section [/Script/Engine.RendererOverrideSettings] File [C:/Users/Radio Rentals/Documents/GitHub/platforming/Platforming/Saved/Config/Windows/Engine.ini]
[2019.05.15-06.41.43:431][  0]LogConfig: Applying CVar settings from Section [/Script/Engine.StreamingSettings] File [C:/Users/Radio Rentals/Documents/GitHub/platforming/Platforming/Saved/Config/Windows/Engine.ini]
[2019.05.15-06.41.43:431][  0]LogConfig: Setting CVar [[s.MinBulkDataSizeForAsyncLoading:131072]]
[2019.05.15-06.41.43:431][  0]LogConfig: Setting CVar [[s.AsyncLoadingThreadEnabled:0]]
[2019.05.15-06.41.43:431][  0]LogConfig: Setting CVar [[s.EventDrivenLoaderEnabled:1]]
[2019.05.15-06.41.43:431][  0]LogConfig: Setting CVar [[s.WarnIfTimeLimitExceeded:0]]
[2019.05.15-06.41.43:431][  0]LogConfig: Setting CVar [[s.TimeLimitExceededMultiplier:1.5]]
[2019.05.15-06.41.43:431][  0]LogConfig: Setting CVar [[s.TimeLimitExceededMinTime:0.005]]
[2019.05.15-06.41.43:431][  0]LogConfig: Setting CVar [[s.UseBackgroundLevelStreaming:1]]
[2019.05.15-06.41.43:431][  0]LogConfig: Setting CVar [[s.PriorityAsyncLoadingExtraTime:15.0]]
[2019.05.15-06.41.43:431][  0]LogConfig: Setting CVar [[s.LevelStreamingActorsUpdateTimeLimit:5.0]]
[2019.05.15-06.41.43:431][  0]LogConfig: Setting CVar [[s.PriorityLevelStreamingActorsUpdateExtraTime:5.0]]
[2019.05.15-06.41.43:431][  0]LogConfig: Setting CVar [[s.LevelStreamingComponentsRegistrationGranularity:10]]
[2019.05.15-06.41.43:431][  0]LogConfig: Setting CVar [[s.UnregisterComponentsTimeLimit:1.0]]
[2019.05.15-06.41.43:431][  0]LogConfig: Setting CVar [[s.LevelStreamingComponentsUnregistrationGranularity:5]]
[2019.05.15-06.41.43:431][  0]LogConfig: Applying CVar settings from Section [/Script/Engine.GarbageCollectionSettings] File [C:/Users/Radio Rentals/Documents/GitHub/platforming/Platforming/Saved/Config/Windows/Engine.ini]
[2019.05.15-06.41.43:431][  0]LogConfig: Setting CVar [[gc.MaxObjectsNotConsideredByGC:1]]
[2019.05.15-06.41.43:431][  0]LogConfig: Setting CVar [[gc.SizeOfPermanentObjectPool:0]]
[2019.05.15-06.41.43:431][  0]LogConfig: Setting CVar [[gc.FlushStreamingOnGC:0]]
[2019.05.15-06.41.43:431][  0]LogConfig: Setting CVar [[gc.NumRetriesBeforeForcingGC:10]]
[2019.05.15-06.41.43:431][  0]LogConfig: Setting CVar [[gc.AllowParallelGC:1]]
[2019.05.15-06.41.43:431][  0]LogConfig: Setting CVar [[gc.TimeBetweenPurgingPendingKillObjects:61.1]]
[2019.05.15-06.41.43:431][  0]LogConfig: Setting CVar [[gc.MaxObjectsInEditor:8388607]]
[2019.05.15-06.41.43:431][  0]LogConfig: Setting CVar [[gc.IncrementalBeginDestroyEnabled:1]]
[2019.05.15-06.41.43:431][  0]LogConfig: Setting CVar [[gc.CreateGCClusters:1]]
[2019.05.15-06.41.43:431][  0]LogConfig: Setting CVar [[gc.MergeGCClusters:0]]
[2019.05.15-06.41.43:431][  0]LogConfig: Setting CVar [[gc.MinGCClusterSize:5]]
[2019.05.15-06.41.43:431][  0]LogConfig: Setting CVar [[gc.ActorClusteringEnabled:0]]
[2019.05.15-06.41.43:431][  0]LogConfig: Setting CVar [[gc.BlueprintClusteringEnabled:0]]
[2019.05.15-06.41.43:431][  0]LogConfig: Setting CVar [[gc.UseDisregardForGCOnDedicatedServers:0]]
[2019.05.15-06.41.43:431][  0]LogConfig: Applying CVar settings from Section [/Script/Engine.NetworkSettings] File [C:/Users/Radio Rentals/Documents/GitHub/platforming/Platforming/Saved/Config/Windows/Engine.ini]
[2019.05.15-06.41.43:431][  0]LogConfig: Applying CVar settings from Section [/Script/UnrealEd.CookerSettings] File [C:/Users/Radio Rentals/Documents/GitHub/platforming/Platforming/Saved/Config/Windows/Engine.ini]
[2019.05.15-06.41.43:443][  0]LogConfig: Applying CVar settings from Section [ViewDistanceQuality@3] File [C:/Users/Radio Rentals/Documents/GitHub/platforming/Platforming/Saved/Config/Windows/Scalability.ini]
[2019.05.15-06.41.43:443][  0]LogConfig: Setting CVar [[r.SkeletalMeshLODBias:0]]
[2019.05.15-06.41.43:443][  0]LogConfig: Setting CVar [[r.ViewDistanceScale:1.0]]
[2019.05.15-06.41.43:444][  0]LogConfig: Applying CVar settings from Section [AntiAliasingQuality@3] File [C:/Users/Radio Rentals/Documents/GitHub/platforming/Platforming/Saved/Config/Windows/Scalability.ini]
[2019.05.15-06.41.43:444][  0]LogConfig: Setting CVar [[r.PostProcessAAQuality:4]]
[2019.05.15-06.41.43:444][  0]LogConfig: Applying CVar settings from Section [ShadowQuality@3] File [C:/Users/Radio Rentals/Documents/GitHub/platforming/Platforming/Saved/Config/Windows/Scalability.ini]
[2019.05.15-06.41.43:444][  0]LogConfig: Setting CVar [[r.LightFunctionQuality:1]]
[2019.05.15-06.41.43:444][  0]LogConfig: Setting CVar [[r.ShadowQuality:5]]
[2019.05.15-06.41.43:444][  0]LogConfig: Setting CVar [[r.Shadow.CSM.MaxCascades:10]]
[2019.05.15-06.41.43:444][  0]LogConfig: Setting CVar [[r.Shadow.MaxResolution:2048]]
[2019.05.15-06.41.43:444][  0]LogConfig: Setting CVar [[r.Shadow.MaxCSMResolution:2048]]
[2019.05.15-06.41.43:444][  0]LogConfig: Setting CVar [[r.Shadow.RadiusThreshold:0.01]]
[2019.05.15-06.41.43:444][  0]LogConfig: Setting CVar [[r.Shadow.DistanceScale:1.0]]
[2019.05.15-06.41.43:444][  0]LogConfig: Setting CVar [[r.Shadow.CSM.TransitionScale:1.0]]
[2019.05.15-06.41.43:444][  0]LogConfig: Setting CVar [[r.Shadow.PreShadowResolutionFactor:1.0]]
[2019.05.15-06.41.43:444][  0]LogConfig: Setting CVar [[r.DistanceFieldShadowing:1]]
[2019.05.15-06.41.43:444][  0]LogConfig: Setting CVar [[r.DistanceFieldAO:1]]
[2019.05.15-06.41.43:444][  0]LogConfig: Setting CVar [[r.AOQuality:2]]
[2019.05.15-06.41.43:444][  0]LogConfig: Setting CVar [[r.VolumetricFog:1]]
[2019.05.15-06.41.43:444][  0]LogConfig: Setting CVar [[r.VolumetricFog.GridPixelSize:8]]
[2019.05.15-06.41.43:444][  0]LogConfig: Setting CVar [[r.VolumetricFog.GridSizeZ:128]]
[2019.05.15-06.41.43:444][  0]LogConfig: Setting CVar [[r.VolumetricFog.HistoryMissSupersampleCount:4]]
[2019.05.15-06.41.43:444][  0]LogConfig: Setting CVar [[r.LightMaxDrawDistanceScale:1]]
[2019.05.15-06.41.43:444][  0]LogConfig: Setting CVar [[r.CapsuleShadows:1]]
[2019.05.15-06.41.43:444][  0]LogConfig: Applying CVar settings from Section [PostProcessQuality@3] File [C:/Users/Radio Rentals/Documents/GitHub/platforming/Platforming/Saved/Config/Windows/Scalability.ini]
[2019.05.15-06.41.43:444][  0]LogConfig: Setting CVar [[r.MotionBlurQuality:4]]
[2019.05.15-06.41.43:444][  0]LogConfig: Setting CVar [[r.AmbientOcclusionMipLevelFactor:0.4]]
[2019.05.15-06.41.43:444][  0]LogConfig: Setting CVar [[r.AmbientOcclusionMaxQuality:100]]
[2019.05.15-06.41.43:444][  0]LogConfig: Setting CVar [[r.AmbientOcclusionLevels:-1]]
[2019.05.15-06.41.43:444][  0]LogConfig: Setting CVar [[r.AmbientOcclusionRadiusScale:1.0]]
[2019.05.15-06.41.43:444][  0]LogConfig: Setting CVar [[r.DepthOfFieldQuality:2]]
[2019.05.15-06.41.43:444][  0]LogConfig: Setting CVar [[r.RenderTargetPoolMin:400]]
[2019.05.15-06.41.43:444][  0]LogConfig: Setting CVar [[r.LensFlareQuality:2]]
[2019.05.15-06.41.43:444][  0]LogConfig: Setting CVar [[r.SceneColorFringeQuality:1]]
[2019.05.15-06.41.43:444][  0]LogConfig: Setting CVar [[r.EyeAdaptationQuality:2]]
[2019.05.15-06.41.43:444][  0]LogConfig: Setting CVar [[r.BloomQuality:5]]
[2019.05.15-06.41.43:444][  0]LogConfig: Setting CVar [[r.FastBlurThreshold:100]]
[2019.05.15-06.41.43:444][  0]LogConfig: Setting CVar [[r.Upscale.Quality:3]]
[2019.05.15-06.41.43:444][  0]LogConfig: Setting CVar [[r.Tonemapper.GrainQuantization:1]]
[2019.05.15-06.41.43:444][  0]LogConfig: Setting CVar [[r.LightShaftQuality:1]]
[2019.05.15-06.41.43:444][  0]LogConfig: Setting CVar [[r.Filter.SizeScale:1]]
[2019.05.15-06.41.43:444][  0]LogConfig: Setting CVar [[r.Tonemapper.Quality:5]]
[2019.05.15-06.41.43:444][  0]LogConfig: Setting CVar [[r.DOF.Gather.AccumulatorQuality:1        ; higher gathering accumulator quality]]
[2019.05.15-06.41.43:445][  0]LogConfig: Setting CVar [[r.DOF.Gather.PostfilterMethod:1          ; Median3x3 postfilering method]]
[2019.05.15-06.41.43:445][  0]LogConfig: Setting CVar [[r.DOF.Gather.EnableBokehSettings:0       ; no bokeh simulation when gathering]]
[2019.05.15-06.41.43:445][  0]LogConfig: Setting CVar [[r.DOF.Gather.RingCount:4                 ; medium number of samples when gathering]]
[2019.05.15-06.41.43:445][  0]LogConfig: Setting CVar [[r.DOF.Scatter.ForegroundCompositing:1    ; additive foreground scattering]]
[2019.05.15-06.41.43:445][  0]LogConfig: Setting CVar [[r.DOF.Scatter.BackgroundCompositing:2    ; additive background scattering]]
[2019.05.15-06.41.43:445][  0]LogConfig: Setting CVar [[r.DOF.Scatter.EnableBokehSettings:1      ; bokeh simulation when scattering]]
[2019.05.15-06.41.43:445][  0]LogConfig: Setting CVar [[r.DOF.Scatter.MaxSpriteRatio:0.1         ; only a maximum of 10% of scattered bokeh]]
[2019.05.15-06.41.43:445][  0]LogConfig: Setting CVar [[r.DOF.Recombine.Quality:1                ; cheap slight out of focus]]
[2019.05.15-06.41.43:445][  0]LogConfig: Setting CVar [[r.DOF.Recombine.EnableBokehSettings:0    ; no bokeh simulation on slight out of focus]]
[2019.05.15-06.41.43:445][  0]LogConfig: Setting CVar [[r.DOF.TemporalAAQuality:1                ; more stable temporal accumulation]]
[2019.05.15-06.41.43:445][  0]LogConfig: Setting CVar [[r.DOF.Kernel.MaxForegroundRadius:0.025]]
[2019.05.15-06.41.43:445][  0]LogConfig: Setting CVar [[r.DOF.Kernel.MaxBackgroundRadius:0.025]]
[2019.05.15-06.41.43:445][  0]LogConfig: Applying CVar settings from Section [TextureQuality@3] File [C:/Users/Radio Rentals/Documents/GitHub/platforming/Platforming/Saved/Config/Windows/Scalability.ini]
[2019.05.15-06.41.43:445][  0]LogConfig: Setting CVar [[r.Streaming.MipBias:0]]
[2019.05.15-06.41.43:445][  0]LogConfig: Setting CVar [[r.Streaming.AmortizeCPUToGPUCopy:0]]
[2019.05.15-06.41.43:445][  0]LogConfig: Setting CVar [[r.Streaming.MaxNumTexturesToStreamPerFrame:0]]
[2019.05.15-06.41.43:445][  0]LogConfig: Setting CVar [[r.Streaming.Boost:1]]
[2019.05.15-06.41.43:445][  0]LogConfig: Setting CVar [[r.MaxAnisotropy:8]]
[2019.05.15-06.41.43:445][  0]LogConfig: Setting CVar [[r.Streaming.LimitPoolSizeToVRAM:0]]
[2019.05.15-06.41.43:445][  0]LogConfig: Setting CVar [[r.Streaming.PoolSize:1000]]
[2019.05.15-06.41.43:445][  0]LogConfig: Setting CVar [[r.Streaming.MaxEffectiveScreenSize:0]]
[2019.05.15-06.41.43:445][  0]LogConfig: Applying CVar settings from Section [EffectsQuality@3] File [C:/Users/Radio Rentals/Documents/GitHub/platforming/Platforming/Saved/Config/Windows/Scalability.ini]
[2019.05.15-06.41.43:445][  0]LogConfig: Setting CVar [[r.TranslucencyLightingVolumeDim:64]]
[2019.05.15-06.41.43:445][  0]LogConfig: Setting CVar [[r.RefractionQuality:2]]
[2019.05.15-06.41.43:445][  0]LogConfig: Setting CVar [[r.SSR.Quality:3]]
[2019.05.15-06.41.43:445][  0]LogConfig: Setting CVar [[r.SceneColorFormat:4]]
[2019.05.15-06.41.43:445][  0]LogConfig: Setting CVar [[r.DetailMode:2]]
[2019.05.15-06.41.43:445][  0]LogConfig: Setting CVar [[r.TranslucencyVolumeBlur:1]]
[2019.05.15-06.41.43:445][  0]LogConfig: Setting CVar [[r.MaterialQualityLevel:1 ; High quality]]
[2019.05.15-06.41.43:445][  0]LogConfig: Setting CVar [[r.SSS.Scale:1]]
[2019.05.15-06.41.43:445][  0]LogConfig: Setting CVar [[r.SSS.SampleSet:2]]
[2019.05.15-06.41.43:445][  0]LogConfig: Setting CVar [[r.SSS.Quality:1]]
[2019.05.15-06.41.43:445][  0]LogConfig: Setting CVar [[r.SSS.HalfRes:1]]
[2019.05.15-06.41.43:445][  0]LogConfig: Setting CVar [[r.EmitterSpawnRateScale:1.0]]
[2019.05.15-06.41.43:445][  0]LogConfig: Setting CVar [[r.ParticleLightQuality:2]]
[2019.05.15-06.41.43:445][  0]LogConfig: Applying CVar settings from Section [FoliageQuality@3] File [C:/Users/Radio Rentals/Documents/GitHub/platforming/Platforming/Saved/Config/Windows/Scalability.ini]
[2019.05.15-06.41.43:445][  0]LogConfig: Setting CVar [[foliage.DensityScale:1.0]]
[2019.05.15-06.41.43:445][  0]LogConfig: Setting CVar [[grass.DensityScale:1.0]]
[2019.05.15-06.41.43:445][  0]LogInit: Selected Device Profile: [Windows]
[2019.05.15-06.41.43:445][  0]LogInit: Applying CVar settings loaded from the selected device profile: [Windows]
[2019.05.15-06.41.43:625][  0]LogHAL: Display: Platform has ~ 8 GB [8472207360 / 8589934592 / 8], which maps to Default [LargestMinGB=32, LargerMinGB=12, DefaultMinGB=8, SmallerMinGB=6, SmallestMinGB=0)
[2019.05.15-06.41.43:625][  0]LogConfig: Setting CVar [[r.Vulkan.UseRealUBs:1]]
[2019.05.15-06.41.43:625][  0]LogInit: Going up to parent DeviceProfile []
[2019.05.15-06.41.43:625][  0]LogConfig: Applying CVar settings from Section [ViewDistanceQuality@3] File [C:/Users/Radio Rentals/Documents/GitHub/platforming/Platforming/Saved/Config/Windows/Scalability.ini]
[2019.05.15-06.41.43:625][  0]LogConfig: Setting CVar [[r.SkeletalMeshLODBias:0]]
[2019.05.15-06.41.43:625][  0]LogConfig: Setting CVar [[r.ViewDistanceScale:1.0]]
[2019.05.15-06.41.43:625][  0]LogConfig: Applying CVar settings from Section [AntiAliasingQuality@3] File [C:/Users/Radio Rentals/Documents/GitHub/platforming/Platforming/Saved/Config/Windows/Scalability.ini]
[2019.05.15-06.41.43:625][  0]LogConfig: Setting CVar [[r.PostProcessAAQuality:4]]
[2019.05.15-06.41.43:625][  0]LogConfig: Applying CVar settings from Section [ShadowQuality@3] File [C:/Users/Radio Rentals/Documents/GitHub/platforming/Platforming/Saved/Config/Windows/Scalability.ini]
[2019.05.15-06.41.43:625][  0]LogConfig: Setting CVar [[r.LightFunctionQuality:1]]
[2019.05.15-06.41.43:625][  0]LogConfig: Setting CVar [[r.ShadowQuality:5]]
[2019.05.15-06.41.43:625][  0]LogConfig: Setting CVar [[r.Shadow.CSM.MaxCascades:10]]
[2019.05.15-06.41.43:625][  0]LogConfig: Setting CVar [[r.Shadow.MaxResolution:2048]]
[2019.05.15-06.41.43:625][  0]LogConfig: Setting CVar [[r.Shadow.MaxCSMResolution:2048]]
[2019.05.15-06.41.43:625][  0]LogConfig: Setting CVar [[r.Shadow.RadiusThreshold:0.01]]
[2019.05.15-06.41.43:625][  0]LogConfig: Setting CVar [[r.Shadow.DistanceScale:1.0]]
[2019.05.15-06.41.43:625][  0]LogConfig: Setting CVar [[r.Shadow.CSM.TransitionScale:1.0]]
[2019.05.15-06.41.43:625][  0]LogConfig: Setting CVar [[r.Shadow.PreShadowResolutionFactor:1.0]]
[2019.05.15-06.41.43:625][  0]LogConfig: Setting CVar [[r.DistanceFieldShadowing:1]]
[2019.05.15-06.41.43:625][  0]LogConfig: Setting CVar [[r.DistanceFieldAO:1]]
[2019.05.15-06.41.43:625][  0]LogConfig: Setting CVar [[r.AOQuality:2]]
[2019.05.15-06.41.43:625][  0]LogConfig: Setting CVar [[r.VolumetricFog:1]]
[2019.05.15-06.41.43:625][  0]LogConfig: Setting CVar [[r.VolumetricFog.GridPixelSize:8]]
[2019.05.15-06.41.43:625][  0]LogConfig: Setting CVar [[r.VolumetricFog.GridSizeZ:128]]
[2019.05.15-06.41.43:625][  0]LogConfig: Setting CVar [[r.VolumetricFog.HistoryMissSupersampleCount:4]]
[2019.05.15-06.41.43:625][  0]LogConfig: Setting CVar [[r.LightMaxDrawDistanceScale:1]]
[2019.05.15-06.41.43:625][  0]LogConfig: Setting CVar [[r.CapsuleShadows:1]]
[2019.05.15-06.41.43:625][  0]LogConfig: Applying CVar settings from Section [PostProcessQuality@3] File [C:/Users/Radio Rentals/Documents/GitHub/platforming/Platforming/Saved/Config/Windows/Scalability.ini]
[2019.05.15-06.41.43:625][  0]LogConfig: Setting CVar [[r.MotionBlurQuality:4]]
[2019.05.15-06.41.43:625][  0]LogConfig: Setting CVar [[r.AmbientOcclusionMipLevelFactor:0.4]]
[2019.05.15-06.41.43:625][  0]LogConfig: Setting CVar [[r.AmbientOcclusionMaxQuality:100]]
[2019.05.15-06.41.43:625][  0]LogConfig: Setting CVar [[r.AmbientOcclusionLevels:-1]]
[2019.05.15-06.41.43:625][  0]LogConfig: Setting CVar [[r.AmbientOcclusionRadiusScale:1.0]]
[2019.05.15-06.41.43:625][  0]LogConfig: Setting CVar [[r.DepthOfFieldQuality:2]]
[2019.05.15-06.41.43:626][  0]LogConfig: Setting CVar [[r.RenderTargetPoolMin:400]]
[2019.05.15-06.41.43:626][  0]LogConfig: Setting CVar [[r.LensFlareQuality:2]]
[2019.05.15-06.41.43:626][  0]LogConfig: Setting CVar [[r.SceneColorFringeQuality:1]]
[2019.05.15-06.41.43:626][  0]LogConfig: Setting CVar [[r.EyeAdaptationQuality:2]]
[2019.05.15-06.41.43:626][  0]LogConfig: Setting CVar [[r.BloomQuality:5]]
[2019.05.15-06.41.43:626][  0]LogConfig: Setting CVar [[r.FastBlurThreshold:100]]
[2019.05.15-06.41.43:626][  0]LogConfig: Setting CVar [[r.Upscale.Quality:3]]
[2019.05.15-06.41.43:626][  0]LogConfig: Setting CVar [[r.Tonemapper.GrainQuantization:1]]
[2019.05.15-06.41.43:626][  0]LogConfig: Setting CVar [[r.LightShaftQuality:1]]
[2019.05.15-06.41.43:626][  0]LogConfig: Setting CVar [[r.Filter.SizeScale:1]]
[2019.05.15-06.41.43:626][  0]LogConfig: Setting CVar [[r.Tonemapper.Quality:5]]
[2019.05.15-06.41.43:626][  0]LogConfig: Setting CVar [[r.DOF.Gather.AccumulatorQuality:1        ; higher gathering accumulator quality]]
[2019.05.15-06.41.43:626][  0]LogConfig: Setting CVar [[r.DOF.Gather.PostfilterMethod:1          ; Median3x3 postfilering method]]
[2019.05.15-06.41.43:626][  0]LogConfig: Setting CVar [[r.DOF.Gather.EnableBokehSettings:0       ; no bokeh simulation when gathering]]
[2019.05.15-06.41.43:626][  0]LogConfig: Setting CVar [[r.DOF.Gather.RingCount:4                 ; medium number of samples when gathering]]
[2019.05.15-06.41.43:626][  0]LogConfig: Setting CVar [[r.DOF.Scatter.ForegroundCompositing:1    ; additive foreground scattering]]
[2019.05.15-06.41.43:626][  0]LogConfig: Setting CVar [[r.DOF.Scatter.BackgroundCompositing:2    ; additive background scattering]]
[2019.05.15-06.41.43:626][  0]LogConfig: Setting CVar [[r.DOF.Scatter.EnableBokehSettings:1      ; bokeh simulation when scattering]]
[2019.05.15-06.41.43:626][  0]LogConfig: Setting CVar [[r.DOF.Scatter.MaxSpriteRatio:0.1         ; only a maximum of 10% of scattered bokeh]]
[2019.05.15-06.41.43:626][  0]LogConfig: Setting CVar [[r.DOF.Recombine.Quality:1                ; cheap slight out of focus]]
[2019.05.15-06.41.43:626][  0]LogConfig: Setting CVar [[r.DOF.Recombine.EnableBokehSettings:0    ; no bokeh simulation on slight out of focus]]
[2019.05.15-06.41.43:626][  0]LogConfig: Setting CVar [[r.DOF.TemporalAAQuality:1                ; more stable temporal accumulation]]
[2019.05.15-06.41.43:626][  0]LogConfig: Setting CVar [[r.DOF.Kernel.MaxForegroundRadius:0.025]]
[2019.05.15-06.41.43:626][  0]LogConfig: Setting CVar [[r.DOF.Kernel.MaxBackgroundRadius:0.025]]
[2019.05.15-06.41.43:626][  0]LogConfig: Applying CVar settings from Section [TextureQuality@3] File [C:/Users/Radio Rentals/Documents/GitHub/platforming/Platforming/Saved/Config/Windows/Scalability.ini]
[2019.05.15-06.41.43:626][  0]LogConfig: Setting CVar [[r.Streaming.MipBias:0]]
[2019.05.15-06.41.43:626][  0]LogConfig: Setting CVar [[r.Streaming.AmortizeCPUToGPUCopy:0]]
[2019.05.15-06.41.43:626][  0]LogConfig: Setting CVar [[r.Streaming.MaxNumTexturesToStreamPerFrame:0]]
[2019.05.15-06.41.43:626][  0]LogConfig: Setting CVar [[r.Streaming.Boost:1]]
[2019.05.15-06.41.43:626][  0]LogConfig: Setting CVar [[r.MaxAnisotropy:8]]
[2019.05.15-06.41.43:626][  0]LogConfig: Setting CVar [[r.Streaming.LimitPoolSizeToVRAM:0]]
[2019.05.15-06.41.43:626][  0]LogConfig: Setting CVar [[r.Streaming.PoolSize:1000]]
[2019.05.15-06.41.43:626][  0]LogConfig: Setting CVar [[r.Streaming.MaxEffectiveScreenSize:0]]
[2019.05.15-06.41.43:626][  0]LogConfig: Applying CVar settings from Section [EffectsQuality@3] File [C:/Users/Radio Rentals/Documents/GitHub/platforming/Platforming/Saved/Config/Windows/Scalability.ini]
[2019.05.15-06.41.43:626][  0]LogConfig: Setting CVar [[r.TranslucencyLightingVolumeDim:64]]
[2019.05.15-06.41.43:626][  0]LogConfig: Setting CVar [[r.RefractionQuality:2]]
[2019.05.15-06.41.43:626][  0]LogConfig: Setting CVar [[r.SSR.Quality:3]]
[2019.05.15-06.41.43:626][  0]LogConfig: Setting CVar [[r.SceneColorFormat:4]]
[2019.05.15-06.41.43:626][  0]LogConfig: Setting CVar [[r.DetailMode:2]]
[2019.05.15-06.41.43:626][  0]LogConfig: Setting CVar [[r.TranslucencyVolumeBlur:1]]
[2019.05.15-06.41.43:626][  0]LogConfig: Setting CVar [[r.MaterialQualityLevel:1 ; High quality]]
[2019.05.15-06.41.43:626][  0]LogConfig: Setting CVar [[r.SSS.Scale:1]]
[2019.05.15-06.41.43:626][  0]LogConfig: Setting CVar [[r.SSS.SampleSet:2]]
[2019.05.15-06.41.43:626][  0]LogConfig: Setting CVar [[r.SSS.Quality:1]]
[2019.05.15-06.41.43:626][  0]LogConfig: Setting CVar [[r.SSS.HalfRes:1]]
[2019.05.15-06.41.43:626][  0]LogConfig: Setting CVar [[r.EmitterSpawnRateScale:1.0]]
[2019.05.15-06.41.43:626][  0]LogConfig: Setting CVar [[r.ParticleLightQuality:2]]
[2019.05.15-06.41.43:626][  0]LogConfig: Applying CVar settings from Section [FoliageQuality@3] File [C:/Users/Radio Rentals/Documents/GitHub/platforming/Platforming/Saved/Config/Windows/Scalability.ini]
[2019.05.15-06.41.43:626][  0]LogConfig: Setting CVar [[foliage.DensityScale:1.0]]
[2019.05.15-06.41.43:626][  0]LogConfig: Setting CVar [[grass.DensityScale:1.0]]
[2019.05.15-06.41.43:626][  0]LogConfig: Applying CVar settings from Section [Startup] File [../../../Engine/Config/ConsoleVariables.ini]
[2019.05.15-06.41.43:627][  0]LogConfig: Setting CVar [[net.UseAdaptiveNetUpdateFrequency:0]]
[2019.05.15-06.41.43:627][  0]LogConfig: Applying CVar settings from Section [ConsoleVariables] File [C:/Users/Radio Rentals/Documents/GitHub/platforming/Platforming/Saved/Config/Windows/Engine.ini]
[2019.05.15-06.41.43:627][  0]LogInit: Computer: DESKTOP-SNPC36S
[2019.05.15-06.41.43:627][  0]LogInit: User: RadioRentals
[2019.05.15-06.41.43:627][  0]LogInit: CPU Page size=4096, Cores=4
[2019.05.15-06.41.43:627][  0]LogInit: High frequency timer resolution =1.851190 MHz
[2019.05.15-06.41.43:628][  0]LogMemory: Memory total: Physical=7.9GB (8GB approx)
[2019.05.15-06.41.43:628][  0]LogMemory: Platform Memory Stats for Windows
[2019.05.15-06.41.43:628][  0]LogMemory: Process Physical Memory: 102.59 MB used, 102.59 MB peak
[2019.05.15-06.41.43:628][  0]LogMemory: Process Virtual Memory: 85.07 MB used, 85.07 MB peak
[2019.05.15-06.41.43:628][  0]LogMemory: Physical Memory: 3929.45 MB used,  4150.28 MB free, 8079.73 MB total
[2019.05.15-06.41.43:628][  0]LogMemory: Virtual Memory: 4633.91 MB used,  134213096.00 MB free, 134217728.00 MB total
[2019.05.15-06.41.43:720][  0]LogInit: Using OS detected language (en-US).
[2019.05.15-06.41.43:720][  0]LogInit: Using OS detected locale (en-AU).
[2019.05.15-06.41.43:723][  0]LogTextLocalizationManager: No specific localization for 'en-US' exists, so the 'en' localization will be used.
[2019.05.15-06.41.44:633][  0]LogStreaming: Display: Took  0.913s to InitEngineTextLocalization.
[2019.05.15-06.41.44:633][  0]LogInit: Setting process to per monitor DPI aware
[2019.05.15-06.41.45:714][  0]LogSlate: New Slate User Created.  User Index 0, Is Virtual User: 0
[2019.05.15-06.41.45:714][  0]LogSlate: Slate User Registered.  User Index 0, Is Virtual User: 0
[2019.05.15-06.42.13:804][  0]LogHMD: Failed to initialize OpenVR with code 110
[2019.05.15-06.42.13:804][  0]LogD3D11RHI: D3D11 adapters:
[2019.05.15-06.42.13:824][  0]LogD3D11RHI:    0. 'Intel(R) HD Graphics 4600' (Feature Level 11_0)
[2019.05.15-06.42.13:824][  0]LogD3D11RHI:       112/0/2048 MB DedicatedVideo/DedicatedSystem/SharedSystem, Outputs:1, VendorId:0x8086
[2019.05.15-06.42.13:833][  0]LogD3D11RHI:    1. 'Microsoft Basic Render Driver' (Feature Level 11_0)
[2019.05.15-06.42.13:833][  0]LogD3D11RHI:       0/0/4039 MB DedicatedVideo/DedicatedSystem/SharedSystem, Outputs:0, VendorId:0x1414
[2019.05.15-06.42.13:833][  0]LogD3D11RHI: Chosen D3D11 Adapter: 0
[2019.05.15-06.42.13:850][  0]LogD3D11RHI: Creating new Direct3DDevice
[2019.05.15-06.42.13:850][  0]LogD3D11RHI:     GPU DeviceId: 0x412 (for the marketing name, search the web for "GPU Device Id")
[2019.05.15-06.42.13:850][  0]LogWindows: EnumDisplayDevices:
[2019.05.15-06.42.13:852][  0]LogWindows:    0. 'Intel(R) HD Graphics 4600' (P:1 D:1)
[2019.05.15-06.42.13:859][  0]LogWindows:    1. 'Intel(R) HD Graphics 4600' (P:0 D:0)
[2019.05.15-06.42.13:864][  0]LogWindows: DebugString: FoundDriverCount:2 
[2019.05.15-06.42.13:864][  0]LogD3D11RHI:     Adapter Name: Intel(R) HD Graphics 4600
[2019.05.15-06.42.13:864][  0]LogD3D11RHI:   Driver Version: 20.19.15.4703 (internal:20.19.15.4703, unified:20.19.15.4703)
[2019.05.15-06.42.13:864][  0]LogD3D11RHI:      Driver Date: 6-9-2017
[2019.05.15-06.42.13:865][  0]LogRHI: Texture pool is 795 MB (70% of 1136 MB)
[2019.05.15-06.42.13:890][  0]LogD3D11RHI: [IntelMetricsDiscovery] Started
[2019.05.15-06.42.13:890][  0]LogD3D11RHI: Async texture creation enabled
[2019.05.15-06.42.13:900][  0]LogD3D11RHI: GPU Timing Frequency: 12.500000 (Debug: 2 0)
[2019.05.15-06.42.15:821][  0]LogTemp: Display: Loaded TP AllDesktopTargetPlatform
[2019.05.15-06.42.15:849][  0]LogTemp: Display: Loaded TP MacClientTargetPlatform
[2019.05.15-06.42.15:878][  0]LogTemp: Display: Loaded TP MacNoEditorTargetPlatform
[2019.05.15-06.42.15:909][  0]LogTemp: Display: Loaded TP MacServerTargetPlatform
[2019.05.15-06.42.16:095][  0]LogTemp: Display: Loaded TP MacTargetPlatform
[2019.05.15-06.42.16:123][  0]LogTemp: Display: Loaded TP WindowsClientTargetPlatform
[2019.05.15-06.42.16:151][  0]LogTemp: Display: Loaded TP WindowsNoEditorTargetPlatform
[2019.05.15-06.42.16:184][  0]LogTemp: Display: Loaded TP WindowsServerTargetPlatform
[2019.05.15-06.42.16:202][  0]LogTemp: Display: Loaded TP WindowsTargetPlatform
[2019.05.15-06.42.16:408][  0]LogTemp: Display: Loaded TP AndroidTargetPlatform
[2019.05.15-06.42.16:408][  0]LogTemp: Display: Loaded TP AndroidTargetPlatform
[2019.05.15-06.42.16:408][  0]LogTemp: Display: Loaded TP AndroidTargetPlatform
[2019.05.15-06.42.16:408][  0]LogTemp: Display: Loaded TP AndroidTargetPlatform
[2019.05.15-06.42.16:408][  0]LogTemp: Display: Loaded TP AndroidTargetPlatform
[2019.05.15-06.42.16:408][  0]LogTemp: Display: Loaded TP AndroidTargetPlatform
[2019.05.15-06.42.16:408][  0]LogTemp: Display: Loaded TP AndroidTargetPlatform
[2019.05.15-06.42.16:408][  0]LogTemp: Display: Loaded TP AndroidTargetPlatform
[2019.05.15-06.42.16:408][  0]LogTemp: Display: Loaded TP AndroidTargetPlatform
[2019.05.15-06.42.16:408][  0]LogTemp: Display: Loaded TP AndroidTargetPlatform
[2019.05.15-06.42.16:408][  0]LogTemp: Display: Loaded TP AndroidTargetPlatform
[2019.05.15-06.42.16:408][  0]LogTemp: Display: Loaded TP AndroidTargetPlatform
[2019.05.15-06.42.16:408][  0]LogTemp: Display: Loaded TP AndroidTargetPlatform
[2019.05.15-06.42.16:408][  0]LogTemp: Display: Loaded TP AndroidTargetPlatform
[2019.05.15-06.42.16:408][  0]LogTemp: Display: Loaded TP AndroidTargetPlatform
[2019.05.15-06.42.16:408][  0]LogTemp: Display: Loaded TP AndroidTargetPlatform
[2019.05.15-06.42.16:408][  0]LogTemp: Display: Loaded TP AndroidTargetPlatform
[2019.05.15-06.42.16:408][  0]LogTemp: Display: Loaded TP AndroidTargetPlatform
[2019.05.15-06.42.16:438][  0]LogTemp: Display: Loaded TP HTML5TargetPlatform
[2019.05.15-06.42.16:602][  0]LogTemp: Display: Loaded TP IOSTargetPlatform
[2019.05.15-06.42.16:602][  0]LogTemp: Display: Loaded TP IOSTargetPlatform
[2019.05.15-06.42.16:650][  0]LogTemp: Display: Loaded TP TVOSTargetPlatform
[2019.05.15-06.42.16:650][  0]LogTemp: Display: Loaded TP TVOSTargetPlatform
[2019.05.15-06.42.16:677][  0]LogTemp: Display: Loaded TP LinuxClientTargetPlatform
[2019.05.15-06.42.16:704][  0]LogTemp: Display: Loaded TP LinuxNoEditorTargetPlatform
[2019.05.15-06.42.16:731][  0]LogTemp: Display: Loaded TP LinuxServerTargetPlatform
[2019.05.15-06.42.16:791][  0]LogTemp: Display: Loaded TP LinuxTargetPlatform
[2019.05.15-06.42.16:888][  0]LogTemp: Display: Loaded TP LuminTargetPlatform
[2019.05.15-06.42.16:888][  0]LogTemp: Display: Loaded TP LuminTargetPlatform
[2019.05.15-06.42.16:888][  0]LogTargetPlatformManager: Display: Building Assets For Windows
[2019.05.15-06.42.17:451][  0]LogShaderCompilers: Guid format shader working directory is -25 characters bigger than the processId version (../../../../../../Users/Radio Rentals/Documents/GitHub/platforming/Platforming/Intermediate/Shaders/WorkingDirectory/83180/).
[2019.05.15-06.42.17:452][  0]LogShaderCompilers: Cleaned the shader compiler working directory 'C:/Users/Radio Rentals/AppData/Local/Temp/UnrealShaderWorkingDir/4D06F6B544FEC04E84E0C7B5CF862459/'.
[2019.05.15-06.42.17:459][  0]LogXGEController: Cannot use XGE Controller as Incredibuild is not installed on this machine.
[2019.05.15-06.42.17:459][  0]LogShaderCompilers: Cannot use XGE Shader Compiler as Incredibuild is not installed on this machine.
[2019.05.15-06.42.17:459][  0]LogShaderCompilers: Display: Using Local Shader Compiler.
[2019.05.15-06.42.38:233][  0]LogDerivedDataCache: Display: Max Cache Size: 512 MB
[2019.05.15-06.42.43:101][  0]LogDerivedDataCache: Loaded boot cache 4.87s 71MB C:/Users/Radio Rentals/AppData/Local/UnrealEngine/4.21/DerivedDataCache/Boot.ddc.
[2019.05.15-06.42.43:101][  0]LogDerivedDataCache: Display: Loaded Boot cache: C:/Users/Radio Rentals/AppData/Local/UnrealEngine/4.21/DerivedDataCache/Boot.ddc
[2019.05.15-06.42.43:101][  0]LogDerivedDataCache: FDerivedDataBackendGraph:  Pak pak cache file ../../../../../../Users/Radio Rentals/Documents/GitHub/platforming/Platforming/DerivedDataCache/DDC.ddp not found, will not use a pak cache.
[2019.05.15-06.42.43:101][  0]LogDerivedDataCache: Unable to find inner node Pak for hierarchical cache Hierarchy.
[2019.05.15-06.42.43:101][  0]LogDerivedDataCache: FDerivedDataBackendGraph:  CompressedPak pak cache file ../../../../../../Users/Radio Rentals/Documents/GitHub/platforming/Platforming/DerivedDataCache/Compressed.ddp not found, will not use a pak cache.
[2019.05.15-06.42.43:101][  0]LogDerivedDataCache: Unable to find inner node CompressedPak for hierarchical cache Hierarchy.
[2019.05.15-06.42.43:128][  0]LogDerivedDataCache: Display: Pak cache opened for reading ../../../Engine/DerivedDataCache/Compressed.ddp.
[2019.05.15-06.42.43:129][  0]LogDerivedDataCache: FDerivedDataBackendGraph:  EnterprisePak pak cache file ../../../Enterprise/DerivedDataCache/Compressed.ddp not found, will not use a pak cache.
[2019.05.15-06.42.43:129][  0]LogDerivedDataCache: Unable to find inner node EnterprisePak for hierarchical cache Hierarchy.
[2019.05.15-06.42.43:142][  0]LogDerivedDataCache: Using Local data cache path C:/Users/Radio Rentals/AppData/Local/UnrealEngine/Common/DerivedDataCache: Writable
[2019.05.15-06.42.43:142][  0]LogDerivedDataCache: Shared data cache path not found in *engine.ini, will not use an Shared cache.
[2019.05.15-06.42.43:142][  0]LogDerivedDataCache: Unable to find inner node Shared for hierarchical cache Hierarchy.
[2019.05.15-06.42.43:176][  0]LogMaterial: Verifying Global Shaders for PCD3D_SM5
[2019.05.15-06.42.43:178][  0]LogSlate: Using FreeType 2.6.0
[2019.05.15-06.42.43:208][  0]LogSlate: SlateFontServices - WITH_FREETYPE: 1, WITH_HARFBUZZ: 1
[2019.05.15-06.42.59:461][  0]LogAssetRegistry: FAssetRegistry took 0.0428 seconds to start up
[2019.05.15-06.43.00:140][  0]LogInit: Selected Device Profile: [Windows]
[2019.05.15-06.43.00:464][  0]LogSimplygon: Simplygon DLL not present - disabling.
[2019.05.15-06.43.00:478][  0]LogMeshReduction: Using SimplygonSwarm for distributed automatic mesh merging
[2019.05.15-06.43.00:478][  0]LogMeshReduction: Using ProxyLODMeshReduction for automatic mesh merging
[2019.05.15-06.43.00:478][  0]LogMeshReduction: Using QuadricMeshReduction for automatic static mesh reduction
[2019.05.15-06.43.00:478][  0]LogMeshReduction: No automatic skeletal mesh reduction module available
[2019.05.15-06.43.00:636][  0]LogNetVersion: Platforming 1.0.0, NetCL: 4541578, EngineNetVer: 5, GameNetVer: 0 (Checksum: 1862454284)
[2019.05.15-06.43.04:798][  0]LogPackageLocalizationCache: Processed 11 localized package path(s) for 2 prioritized culture(s) in 3.368847 seconds
[2019.05.15-06.43.04:816][  0]LogUObjectArray: 39775 objects as part of root set at end of initial load.
[2019.05.15-06.43.04:816][  0]LogUObjectAllocator: 6914664 out of 0 bytes used by permanent object pool.
[2019.05.15-06.43.04:816][  0]LogUObjectArray: CloseDisregardForGC: 0/0 objects in disregard for GC pool
[2019.05.15-06.44.05:129][  0]LogTcpMessaging: Initializing TcpMessaging bridge
[2019.05.15-06.44.05:144][  0]LogUdpMessaging: Initializing bridge on interface 0.0.0.0:0 to multicast group 230.0.0.1:6666.
[2019.05.15-06.44.07:632][  0]SourceControl: Source control is disabled
[2019.05.15-06.44.07:632][  0]SourceControl: Source control is disabled
[2019.05.15-06.44.07:638][  0]SourceControl: Source control is disabled
[2019.05.15-06.44.07:641][  0]SourceControl: Source control is disabled
[2019.05.15-06.44.08:222][  0]LogAndroidPermission: UAndroidPermissionCallbackProxy::GetInstance
[2019.05.15-06.44.08:591][  0]LogOcInput: OculusInput pre-init called
[2019.05.15-06.44.08:870][  0]LogEngine: Initializing Engine...
[2019.05.15-06.44.08:872][  0]LogHMD: Failed to initialize OpenVR with code 110
[2019.05.15-06.44.08:874][  0]LogStats: UGameplayTagsManager::ConstructGameplayTagTree: ImportINI prefixes -  0.000 s
[2019.05.15-06.44.08:874][  0]LogStats: UGameplayTagsManager::ConstructGameplayTagTree: Construct from data asset -  0.000 s
[2019.05.15-06.44.08:875][  0]LogStats: UGameplayTagsManager::ConstructGameplayTagTree: ImportINI -  0.001 s
[2019.05.15-06.44.08:875][  0]LogStats: UGameplayTagsManager::ConstructGameplayTagTree: GameplayTagTreeChangedEvent.Broadcast -  0.000 s
[2019.05.15-06.44.09:242][  0]LogInit: Initializing FReadOnlyCVARCache
[2019.05.15-06.44.09:277][  0]LogAIModule: Creating AISystem for world Untitled
[2019.05.15-06.44.09:379][  0]LogInit: XAudio2 using 'Speakers (Realtek High Definition Audio)' : 2 channels at 48 kHz using 32 bits per sample (channel mask 0x3)
[2019.05.15-06.44.09:768][  0]LogInit: FAudioDevice initialized.
[2019.05.15-06.44.09:768][  0]LogNetVersion: Set ProjectVersion to 1.0.0.0. Version Checksum will be recalculated on next use.
[2019.05.15-06.44.11:118][  0]LogDerivedDataCache: Saved boot cache 1.35s 71MB C:/Users/Radio Rentals/AppData/Local/UnrealEngine/4.21/DerivedDataCache/Boot.ddc.
[2019.05.15-06.44.11:136][  0]LogInit: Texture streaming: Enabled
[2019.05.15-06.44.11:206][  0]LogEngineSessionManager: EngineSessionManager initialized
[2019.05.15-06.44.11:468][  0]LogInit: Transaction tracking system initialized
[2019.05.15-06.44.11:537][  0]BlueprintLog: New page: Editor Load
[2019.05.15-06.44.11:820][  0]LocalizationService: Localization service is disabled
[2019.05.15-06.44.13:238][  0]LogFileCache: Scanning file cache for directory 'C:/Users/Radio Rentals/Documents/GitHub/platforming/Platforming/Content/' took 0.02s
[2019.05.15-06.44.13:238][  0]LogCook: Display: Max memory allowance for cook 16384mb min free memory 0mb
[2019.05.15-06.44.13:238][  0]LogCook: Display: Mobile HDR setting 1
[2019.05.15-06.44.13:261][  0]LogGameplayTags: Display: UGameplayTagsManager::DoneAddingNativeTags. DelegateIsBound: 0
[2019.05.15-06.44.13:261][  0]LogStats: UGameplayTagsManager::ConstructGameplayTagTree: ImportINI prefixes -  0.000 s
[2019.05.15-06.44.13:261][  0]LogStats: UGameplayTagsManager::ConstructGameplayTagTree: Construct from data asset -  0.000 s
[2019.05.15-06.44.13:261][  0]LogStats: UGameplayTagsManager::ConstructGameplayTagTree: ImportINI -  0.001 s
[2019.05.15-06.44.13:261][  0]LogStats: UGameplayTagsManager::ConstructGameplayTagTree: GameplayTagTreeChangedEvent.Broadcast -  0.000 s
[2019.05.15-06.44.15:306][  0]SourceControl: Source control is disabled
[2019.05.15-06.44.15:323][  0]Cmd: MAP LOAD FILE="../../../../../../Users/Radio Rentals/Documents/GitHub/platforming/Platforming/Content/_MyContent/Maps/Level_1.umap" TEMPLATE=0 SHOWPROGRESS=1 FEATURELEVEL=3
[2019.05.15-06.44.15:324][  0]LightingResults: New page: Lighting Build
[2019.05.15-06.44.15:331][  0]MapCheck: New page: Map Check
[2019.05.15-06.44.15:331][  0]LightingResults: New page: Lighting Build
[2019.05.15-06.44.24:021][  0]LogAIModule: Creating AISystem for world Level_1
[2019.05.15-06.44.25:528][  0]LogEditorServer: Finished looking for orphan Actors (0.000 secs)
[2019.05.15-06.44.25:612][  0]Cmd: MAP CHECKDEP NOCLEARLOG
[2019.05.15-06.44.25:612][  0]MapCheck: Map check complete: 0 Error(s), 0 Warning(s), took 0.435ms to complete.
[2019.05.15-06.44.25:612][  0]LogFileHelpers: Loading map 'Level_1' took 10.289
[2019.05.15-06.44.28:718][  0]LogSlate: Updating window title bar state: overlay mode, drag disabled, window buttons hidden, title bar hidden
[2019.05.15-06.44.28:859][  0]LogSlate: Updating window title bar state: overlay mode, drag disabled, window buttons hidden, title bar hidden
[2019.05.15-06.44.28:870][  0]LogSlate: Updating window title bar state: overlay mode, drag disabled, window buttons hidden, title bar hidden
[2019.05.15-06.44.28:880][  0]LogSlate: Updating window title bar state: overlay mode, drag disabled, window buttons hidden, title bar hidden
[2019.05.15-06.44.29:171][  0]LogCollectionManager: Loaded 0 collections in 0.004651 seconds
[2019.05.15-06.44.29:711][  0]LogFileCache: Scanning file cache for directory 'C:/Users/Radio Rentals/Documents/GitHub/platforming/Platforming/Saved/Collections/' took 0.01s
[2019.05.15-06.44.29:711][  0]LogFileCache: Scanning file cache for directory 'C:/Users/Radio Rentals/Documents/GitHub/platforming/Platforming/Content/Developers/RadioRentals/Collections/' took 0.01s
[2019.05.15-06.44.29:711][  0]LogFileCache: Scanning file cache for directory 'C:/Users/Radio Rentals/Documents/GitHub/platforming/Platforming/Content/Collections/' took 0.01s
[2019.05.15-06.44.29:711][  0]LogCollectionManager: Rebuilt the GUID cache for 0 collections in 0.000003 seconds
[2019.05.15-06.44.29:750][  0]LogContentBrowser: Native class hierarchy populated in 0.0289 seconds. Added 2651 classes and 620 folders.
[2019.05.15-06.44.30:293][  0]LogContentBrowser: Native class hierarchy updated for 'WidgetCarousel' in 0.0005 seconds. Added 0 classes and 0 folders.
[2019.05.15-06.44.30:713][  0]LogPakFile: Registered encryption key '00000000000000000000000000000000': 0 pak files mounted, 0 remain pending
[2019.05.15-06.44.30:899][  0]LogPakFile: Registered encryption key '00000000000000000000000000000000': 0 pak files mounted, 0 remain pending
[2019.05.15-06.44.31:019][  0]LogPakFile: Registered encryption key '00000000000000000000000000000000': 0 pak files mounted, 0 remain pending
[2019.05.15-06.44.31:121][  0]LogPakFile: Registered encryption key '00000000000000000000000000000000': 0 pak files mounted, 0 remain pending
[2019.05.15-06.44.31:176][  0]LogPakFile: Registered encryption key '00000000000000000000000000000000': 0 pak files mounted, 0 remain pending
[2019.05.15-06.44.31:217][  0]LogPakFile: Registered encryption key '00000000000000000000000000000000': 0 pak files mounted, 0 remain pending
[2019.05.15-06.44.31:274][  0]LogPakFile: Registered encryption key '00000000000000000000000000000000': 0 pak files mounted, 0 remain pending
[2019.05.15-06.44.31:346][  0]LogPakFile: Registered encryption key '00000000000000000000000000000000': 0 pak files mounted, 0 remain pending
[2019.05.15-06.44.31:370][  0]LogPakFile: Registered encryption key '00000000000000000000000000000000': 0 pak files mounted, 0 remain pending
[2019.05.15-06.44.31:418][  0]LogPakFile: Registered encryption key '00000000000000000000000000000000': 0 pak files mounted, 0 remain pending
[2019.05.15-06.44.31:440][  0]LogPakFile: Registered encryption key '00000000000000000000000000000000': 0 pak files mounted, 0 remain pending
[2019.05.15-06.44.31:472][  0]LogPakFile: Registered encryption key '00000000000000000000000000000000': 0 pak files mounted, 0 remain pending
[2019.05.15-06.44.31:496][  0]LogPakFile: Registered encryption key '00000000000000000000000000000000': 0 pak files mounted, 0 remain pending
[2019.05.15-06.44.31:608][  0]LogPakFile: Registered encryption key '00000000000000000000000000000000': 0 pak files mounted, 0 remain pending
[2019.05.15-06.44.31:763][  0]LogPakFile: Registered encryption key '00000000000000000000000000000000': 0 pak files mounted, 0 remain pending
[2019.05.15-06.44.31:852][  0]LogPakFile: Registered encryption key '00000000000000000000000000000000': 0 pak files mounted, 0 remain pending
[2019.05.15-06.44.31:970][  0]LogPakFile: Registered encryption key '00000000000000000000000000000000': 0 pak files mounted, 0 remain pending
[2019.05.15-06.44.32:094][  0]LogPakFile: Registered encryption key '00000000000000000000000000000000': 0 pak files mounted, 0 remain pending
[2019.05.15-06.44.32:246][  0]LogPakFile: Registered encryption key '00000000000000000000000000000000': 0 pak files mounted, 0 remain pending
[2019.05.15-06.44.32:281][  0]LogPakFile: Registered encryption key '00000000000000000000000000000000': 0 pak files mounted, 0 remain pending
[2019.05.15-06.44.32:368][  0]LogPakFile: Registered encryption key '00000000000000000000000000000000': 0 pak files mounted, 0 remain pending
[2019.05.15-06.44.32:470][  0]LogPakFile: Registered encryption key '00000000000000000000000000000000': 0 pak files mounted, 0 remain pending
[2019.05.15-06.44.32:586][  0]LogPakFile: Registered encryption key '00000000000000000000000000000000': 0 pak files mounted, 0 remain pending
[2019.05.15-06.44.32:670][  0]LogPakFile: Registered encryption key '00000000000000000000000000000000': 0 pak files mounted, 0 remain pending
[2019.05.15-06.44.32:760][  0]LogPakFile: Registered encryption key '00000000000000000000000000000000': 0 pak files mounted, 0 remain pending
[2019.05.15-06.44.32:816][  0]LogPakFile: Registered encryption key '00000000000000000000000000000000': 0 pak files mounted, 0 remain pending
[2019.05.15-06.44.36:893][  0]LogContentBrowser: Native class hierarchy updated for 'AddContentDialog' in 0.0005 seconds. Added 0 classes and 0 folders.
[2019.05.15-06.44.37:496][  0]LogContentBrowser: Native class hierarchy updated for 'SceneOutliner' in 0.0006 seconds. Added 1 classes and 2 folders.
[2019.05.15-06.44.41:459][  0]LogContentBrowser: Native class hierarchy updated for 'HierarchicalLODOutliner' in 0.0006 seconds. Added 0 classes and 0 folders.
[2019.05.15-06.44.41:459][  0]LogLoad: (Engine Initialization) Total time: 278.24 seconds
[2019.05.15-06.44.41:459][  0]LogLoad: (Engine Initialization) Total Blueprint compile time: 0.00 seconds
[2019.05.15-06.44.41:887][  0]LogContentStreaming: Texture pool size now 1000 MB
[2019.05.15-06.44.41:906][  0]LogSlate: Took 0.016695 seconds to synchronously load lazily loaded font '../../../Engine/Content/Slate/Fonts/Roboto-Regular.ttf' (155K)
[2019.05.15-06.44.41:908][  0]LogSlate: Took 0.000352 seconds to synchronously load lazily loaded font '../../../Engine/Content/Slate/Fonts/Roboto-Bold.ttf' (160K)
[2019.05.15-06.44.41:998][  0]LogSlate: Took 0.013648 seconds to synchronously load lazily loaded font '../../../Engine/Content/Editor/Slate/Fonts/FontAwesome.ttf' (139K)
[2019.05.15-06.44.44:709][  0]LogRenderer: Reallocating scene render targets to support 804x360 Format 10 NumSamples 1 (Frame:1).
[2019.05.15-06.44.44:709][  0]LogSlate: Took 0.093242 seconds to synchronously load lazily loaded font '../../../Engine/Content/Slate/Fonts/Roboto-Light.ttf' (167K)
[2019.05.15-06.44.47:250][  2]LogSlate: Took 0.000388 seconds to synchronously load lazily loaded font '../../../Engine/Content/Slate/Fonts/Roboto-Light.ttf' (167K)
[2019.05.15-06.44.47:407][  4]LogAssetRegistry: Asset discovery search completed in 107.9684 seconds
[2019.05.15-06.44.47:409][  4]LogCollectionManager: Rebuilt the object cache for 0 collections in 0.000001 seconds (found 0 objects)
[2019.05.15-06.44.47:410][  4]LogCollectionManager: Fixed up redirectors for 0 collections in 0.000147 seconds (updated 0 objects)
[2019.05.15-06.45.52:789][227]LogSlate: FSceneViewport::OnFocusLost() reason 0
[2019.05.15-06.45.53:048][231]LogRenderer: Reallocating scene render targets to support 1208x576 Format 10 NumSamples 1 (Frame:37).
[2019.05.15-06.45.59:809][336]LogSlate: Window 'Message Log' being destroyed
[2019.05.15-06.45.59:830][336]LogSlate: Window 'Message Log' being destroyed
[2019.05.15-06.46.10:484][539]LogSlate: Window 'Delete Assets' being destroyed
[2019.05.15-06.46.18:234][672]LogSlate: Window 'Delete Assets' being destroyed
[2019.05.15-06.46.22:658][773]LogSlate: Window 'Delete Assets' being destroyed
[2019.05.15-06.46.26:453][838]LogSlate: Window 'Delete Assets' being destroyed
[2019.05.15-06.48.23:098][732]LogSlate: Window 'Pick Parent Class' being destroyed
[2019.05.15-06.48.44:778][187]LogAssetEditorManager: Opening Asset editor for Blueprint /Game/_MyContent/Blueprints/MyFunctionLibrary.MyFunctionLibrary
[2019.05.15-06.48.49:306][187]LogContentBrowser: Native class hierarchy updated for 'BlueprintGraph' in 0.0011 seconds. Added 117 classes and 0 folders.
[2019.05.15-06.48.52:980][187]LogSlate: Took 0.022933 seconds to synchronously load lazily loaded font '../../../Engine/Content/Slate/Fonts/Roboto-BoldCondensed.ttf' (158K)
[2019.05.15-06.48.56:147][228]LogSlate: Window 'MyFunctionLibrary*' being destroyed
[2019.05.15-06.51.11:248][382]LogLinker: Warning: Can't find file '/Game/_MyContent/Blueprints/MyGameMode'
[2019.05.15-06.51.11:250][382]LogLinker: Warning: Can't find file '/Game/_MyContent/Blueprints/MyGameMode'
[2019.05.15-06.51.11:250][382]LogUObjectGlobals: Warning: Failed to find object 'Object /Game/_MyContent/Blueprints/MyGameMode.MyGameMode_C'
[2019.05.15-06.51.13:237][462]LogAssetEditorManager: Opening Asset editor for LevelScriptBlueprint /Game/_MyContent/Maps/Level_1.Level_1:PersistentLevel.Level_1
[2019.05.15-06.51.34:165][ 38]LogEditorTransaction: Undo Delete current selection
[2019.05.15-06.52.19:602][545]BlueprintLog: New page: Compile MyFunctionLibrary
[2019.05.15-06.52.47:351][270]LogSlate: Window 'Pick Parent Class' being destroyed
[2019.05.15-06.53.03:203][455]LogSlate: Window 'Pick Parent Class' being destroyed
[2019.05.15-06.53.36:365][778]LogSlate: Only BGRA pngs, bmps or icos are supported in by External Image Picker
[2019.05.15-06.53.36:954][780]LogTemp: Executing iPhonePackager certificates Engine -bundlename com.YourCompany.Platforming
[2019.05.15-06.53.36:954][780]LogTemp: CWD: C:\Program Files\Epic Games\UE_4.21\Engine\Binaries\DotNET\IOS
[2019.05.15-06.53.36:954][780]LogTemp: Initial Dir: C:\Program Files\Epic Games\UE_4.21
[2019.05.15-06.53.36:954][780]LogTemp: Env CWD: C:\Program Files\Epic Games\UE_4.21\Engine\Binaries\DotNET\IOS
[2019.05.15-06.53.36:954][780]LogTemp: BranchPath = DESKTOP-SNPC36S/C/Program Files/Epic Games/UE_4.21/Engine/Binaries --- GameBranchPath = DESKTOP-SNPC36S/C/Program Files/Epic Games/UE_4.21/Engine/Binaries
[2019.05.15-06.53.37:059][781]LogTemp: IPP ERROR: Could not find provision directory 'C:\Users\Radio Rentals\AppData\Local/Apple Computer/MobileDevice/Provisioning Profiles/'.
[2019.05.15-06.54.29:377][160]LogSlate: Prevented a slow task dialog from being summoned while a context menu was open
[2019.05.15-06.54.38:786][284]LogSlate: Window 'Project Settings' being destroyed
[2019.05.15-06.54.38:796][284]LogSlate: Window 'Project Settings' being destroyed
[2019.05.15-06.54.41:487][298]LogUnrealEdMisc: Warning: Heartbeat event firing too frequently (43.682 sec). This should never happen. Something is wrong with the timer delegate!
[2019.05.15-06.54.41:997][304]LogAssetEditorManager: Opening Asset editor for Blueprint /Game/_MyContent/Blueprints/MyGameMode.MyGameMode
[2019.05.15-06.54.45:188][305]LogRenderer: Reallocating scene render targets to support 1272x712 Format 10 NumSamples 1 (Frame:1).
[2019.05.15-06.55.07:940][812]LogTemp: Repeating last play command: New Editor Window (PIE)
[2019.05.15-06.55.08:131][812]LogBlueprintUserMessages: Early PlayInEditor Detection: Level '/Game/_MyContent/Maps/Level_1.Level_1:PersistentLevel' has LevelScriptBlueprint '/Game/_MyContent/Maps/Level_1.Level_1:PersistentLevel.Level_1' with GeneratedClass '/Game/_MyContent/Maps/Level_1.Level_1_C' with ClassGeneratedBy '/Game/_MyContent/Maps/Level_1.Level_1:PersistentLevel.Level_1'
[2019.05.15-06.55.08:214][812]BlueprintLog: New page: Pre-Play auto-recompile
[2019.05.15-06.55.08:217][812]LogPlayLevel: [PlayLevel] Compiling MyGameMode before play...
[2019.05.15-06.55.08:699][812]LogPlayLevel: [PlayLevel] Compiling Level_1 before play...
[2019.05.15-06.55.08:987][812]LogPlayLevel: PlayLevel: Blueprint regeneration took 773 ms (2 blueprints)
[2019.05.15-06.55.09:133][812]PIE: New page: PIE session: Level_1 (16 May 2019 2:55:08 am)
[2019.05.15-06.55.09:250][812]LogPlayLevel: Creating play world package: /Game/_MyContent/Maps/UEDPIE_0_Level_1
[2019.05.15-06.55.09:335][812]LogPlayLevel: PIE: StaticDuplicateObject took: (0.083578s)
[2019.05.15-06.55.09:336][812]LogAIModule: Creating AISystem for world Level_1
[2019.05.15-06.55.09:346][812]LogPlayLevel: PIE: World Init took: (0.011097s)
[2019.05.15-06.55.09:346][812]LogPlayLevel: PIE: Created PIE world by copying editor world from /Game/_MyContent/Maps/Level_1.Level_1 to /Game/_MyContent/Maps/UEDPIE_0_Level_1.Level_1 (0.095985s)
[2019.05.15-06.55.09:598][812]LogInit: XAudio2 using 'Speakers (Realtek High Definition Audio)' : 2 channels at 48 kHz using 32 bits per sample (channel mask 0x3)
[2019.05.15-06.55.09:790][812]LogInit: FAudioDevice initialized.
[2019.05.15-06.55.09:950][812]LogSlate: Updating window title bar state: overlay mode, drag disabled, window buttons hidden, title bar hidden
[2019.05.15-06.55.10:197][812]LogLoad: Game class is 'MyGameMode_C'
[2019.05.15-06.55.10:585][812]LogWorld: Bringing World /Game/_MyContent/Maps/UEDPIE_0_Level_1.Level_1 up for play (max tick rate 0) at 2019.05.15-16.55.10
[2019.05.15-06.55.10:732][812]LogWorld: Bringing up level for play took: 0.213600
[2019.05.15-06.55.12:854][812]LogContentBrowser: Native class hierarchy updated for 'MovieSceneCapture' in 0.0007 seconds. Added 20 classes and 0 folders.
[2019.05.15-06.55.13:008][812]LogBlueprintUserMessages: [MyGameMode_C_0] Hello
[2019.05.15-06.55.13:176][812]PIE: Play in editor start time for /Game/_MyContent/Maps/UEDPIE_0_Level_1 5.004
[2019.05.15-06.55.13:199][812]LogBlueprintUserMessages: Late PlayInEditor Detection: Level '/Game/_MyContent/Maps/Level_1.Level_1:PersistentLevel' has LevelScriptBlueprint '/Game/_MyContent/Maps/Level_1.Level_1:PersistentLevel.Level_1' with GeneratedClass '/Game/_MyContent/Maps/Level_1.Level_1_C' with ClassGeneratedBy '/Game/_MyContent/Maps/Level_1.Level_1:PersistentLevel.Level_1'
[2019.05.15-06.55.14:460][812]LogRenderer: Reallocating scene render targets to support 1612x936 Format 10 NumSamples 1 (Frame:1).
[2019.05.15-06.55.17:895][840]LogBlueprintUserMessages: Early EndPlayMap Detection: Level '/Game/_MyContent/Maps/Level_1.Level_1:PersistentLevel' has LevelScriptBlueprint '/Game/_MyContent/Maps/Level_1.Level_1:PersistentLevel.Level_1' with GeneratedClass '/Game/_MyContent/Maps/Level_1.Level_1_C' with ClassGeneratedBy '/Game/_MyContent/Maps/Level_1.Level_1:PersistentLevel.Level_1'
[2019.05.15-06.55.17:922][840]LogSlate: Updating window title bar state: overlay mode, drag disabled, window buttons hidden, title bar hidden
[2019.05.15-06.55.17:968][840]LogSlate: Window 'Platforming Game Preview Standalone (64-bit/PCD3D_SM5)' being destroyed
[2019.05.15-06.55.18:407][840]LogPlayLevel: Display: Shutting down PIE online subsystems
[2019.05.15-06.55.18:433][840]LogBlueprintUserMessages: Late EndPlayMap Detection: Level '/Game/_MyContent/Maps/Level_1.Level_1:PersistentLevel' has LevelScriptBlueprint '/Game/_MyContent/Maps/Level_1.Level_1:PersistentLevel.Level_1' with GeneratedClass '/Game/_MyContent/Maps/Level_1.Level_1_C' with ClassGeneratedBy '/Game/_MyContent/Maps/Level_1.Level_1:PersistentLevel.Level_1'
[2019.05.15-06.55.18:647][841]LogPlayLevel: Display: Destroying online subsystem :Context_6
[2019.05.15-06.55.32:714][915]LogSlate: FSceneViewport::OnFocusLost() reason 0
[2019.05.15-06.55.38:203][958]LogSlate: FSceneViewport::OnFocusLost() reason 0
[2019.05.15-06.56.57:237][166]LogSlate: Prevented a slow task dialog from being summoned while a context menu was open
[2019.05.15-06.58.17:730][730]BlueprintLog: New page: Compile MyGameMode
[2019.05.15-06.59.00:499][812]LogSlate: Took 0.019840 seconds to synchronously load lazily loaded font '../../../Engine/Content/Slate/Fonts/Roboto-BoldCondensedItalic.ttf' (160K)
[2019.05.15-07.01.46:862][691]LogAssetEditorManager: Opening Asset editor for Blueprint /Game/_MyContent/Blueprints/MyGameManager.MyGameManager
[2019.05.15-07.02.18:663][415]LogSlate: Took 0.152148 seconds to synchronously load lazily loaded font '../../../Engine/Content/Slate/Fonts/Roboto-Italic.ttf' (157K)
[2019.05.15-07.02.19:014][436]BlueprintLog: New page: Compile MyGameManager
[2019.05.15-07.02.37:878][954]BlueprintLog: New page: Compile MyGameManager
[2019.05.15-07.03.29:563][523]BlueprintLog: New page: Compile Level_1
[2019.05.15-07.03.30:119][523]LogBlueprint: Warning: [Compiler PersistentLevel.Level_1] Could not find the function 'Get My Game Manager' called from  Get My Game Manager
[2019.05.15-07.03.30:405][523]LogBlueprint: Warning: [Compiler PersistentLevel.Level_1] [1407.18] Compile of PersistentLevel.Level_1 successful, but with 1 Warning(s) [in 841 ms] (/Game/_MyContent/Maps/Level_1.Level_1:PersistentLevel.Level_1)
[2019.05.15-07.04.34:988][241]LogTemp: Repeating last play command: New Editor Window (PIE)
[2019.05.15-07.04.36:618][241]LogBlueprintUserMessages: Early PlayInEditor Detection: Level '/Game/_MyContent/Maps/Level_1.Level_1:PersistentLevel' has LevelScriptBlueprint '/Game/_MyContent/Maps/Level_1.Level_1:PersistentLevel.Level_1' with GeneratedClass '/Game/_MyContent/Maps/Level_1.Level_1_C' with ClassGeneratedBy '/Game/_MyContent/Maps/Level_1.Level_1:PersistentLevel.Level_1'
[2019.05.15-07.04.36:618][241]BlueprintLog: New page: Pre-Play auto-recompile
[2019.05.15-07.04.36:625][241]LogPlayLevel: [PlayLevel] Compiling MyFunctionLibrary before play...
[2019.05.15-07.04.36:716][241]LogPlayLevel: PlayLevel: Blueprint regeneration took 97 ms (1 blueprints)
[2019.05.15-07.04.36:717][241]PIE: New page: PIE session: Level_1 (16 May 2019 3:04:36 am)
[2019.05.15-07.04.36:717][241]LogPlayLevel: Creating play world package: /Game/_MyContent/Maps/UEDPIE_0_Level_1
[2019.05.15-07.04.36:722][241]LogPlayLevel: PIE: StaticDuplicateObject took: (0.005272s)
[2019.05.15-07.04.36:723][241]LogAIModule: Creating AISystem for world Level_1
[2019.05.15-07.04.36:723][241]LogPlayLevel: PIE: World Init took: (0.001009s)
[2019.05.15-07.04.36:723][241]LogPlayLevel: PIE: Created PIE world by copying editor world from /Game/_MyContent/Maps/Level_1.Level_1 to /Game/_MyContent/Maps/UEDPIE_0_Level_1.Level_1 (0.006474s)
[2019.05.15-07.04.40:915][241]LogInit: XAudio2 using 'Speakers (Realtek High Definition Audio)' : 2 channels at 48 kHz using 32 bits per sample (channel mask 0x3)
[2019.05.15-07.04.41:124][241]LogInit: FAudioDevice initialized.
[2019.05.15-07.04.41:136][241]LogSlate: Updating window title bar state: overlay mode, drag disabled, window buttons hidden, title bar hidden
[2019.05.15-07.04.41:176][241]LogLoad: Game class is 'MyGameMode_C'
[2019.05.15-07.04.41:179][241]LogWorld: Bringing World /Game/_MyContent/Maps/UEDPIE_0_Level_1.Level_1 up for play (max tick rate 0) at 2019.05.15-17.04.41
[2019.05.15-07.04.41:180][241]LogWorld: Bringing up level for play took: 0.002629
[2019.05.15-07.04.43:566][241]LogScript: Warning: Accessed None trying to read property CallFunc_Get_My_Game_Manager_My_Game_Manager
	Level_1_C /Game/_MyContent/Maps/UEDPIE_0_Level_1.Level_1:PersistentLevel.Level_1_C_1
	Function /Game/_MyContent/Maps/Level_1.Level_1_C:ExecuteUbergraph_Level_1:0016
[2019.05.15-07.04.43:694][241]PIE: Error: Blueprint Runtime Error: "Accessed None trying to read property CallFunc_Get_My_Game_Manager_My_Game_Manager". Blueprint:  Level_1 Function:  Execute Ubergraph Level 1 Graph:  EventGraph Node:  Init
[2019.05.15-07.04.43:713][241]PIE: Play in editor start time for /Game/_MyContent/Maps/UEDPIE_0_Level_1 7.541
[2019.05.15-07.04.43:714][241]LogBlueprintUserMessages: Late PlayInEditor Detection: Level '/Game/_MyContent/Maps/Level_1.Level_1:PersistentLevel' has LevelScriptBlueprint '/Game/_MyContent/Maps/Level_1.Level_1:PersistentLevel.Level_1' with GeneratedClass '/Game/_MyContent/Maps/Level_1.Level_1_C' with ClassGeneratedBy '/Game/_MyContent/Maps/Level_1.Level_1:PersistentLevel.Level_1'
[2019.05.15-07.04.49:881][284]LogBlueprintUserMessages: Early EndPlayMap Detection: Level '/Game/_MyContent/Maps/Level_1.Level_1:PersistentLevel' has LevelScriptBlueprint '/Game/_MyContent/Maps/Level_1.Level_1:PersistentLevel.Level_1' with GeneratedClass '/Game/_MyContent/Maps/Level_1.Level_1_C' with ClassGeneratedBy '/Game/_MyContent/Maps/Level_1.Level_1:PersistentLevel.Level_1'
[2019.05.15-07.04.49:882][284]LogSlate: Updating window title bar state: overlay mode, drag disabled, window buttons hidden, title bar hidden
[2019.05.15-07.04.49:912][284]LogSlate: Window 'Platforming Game Preview Standalone (64-bit/PCD3D_SM5)' being destroyed
[2019.05.15-07.04.50:047][284]LogPlayLevel: Display: Shutting down PIE online subsystems
[2019.05.15-07.04.50:048][284]LogBlueprintUserMessages: Late EndPlayMap Detection: Level '/Game/_MyContent/Maps/Level_1.Level_1:PersistentLevel' has LevelScriptBlueprint '/Game/_MyContent/Maps/Level_1.Level_1:PersistentLevel.Level_1' with GeneratedClass '/Game/_MyContent/Maps/Level_1.Level_1_C' with ClassGeneratedBy '/Game/_MyContent/Maps/Level_1.Level_1:PersistentLevel.Level_1'
[2019.05.15-07.04.50:673][285]LogPlayLevel: Display: Destroying online subsystem :Context_8
[2019.05.15-07.04.53:771][316]LogSlate: Window 'Message Log' being destroyed
[2019.05.15-07.04.53:791][316]LogSlate: Window 'Message Log' being destroyed
[2019.05.15-07.05.39:872][413]BlueprintLog: New page: Compile Level_1
[2019.05.15-07.05.42:801][514]LogTemp: Repeating last play command: New Editor Window (PIE)
[2019.05.15-07.05.48:677][514]LogBlueprintUserMessages: Early PlayInEditor Detection: Level '/Game/_MyContent/Maps/Level_1.Level_1:PersistentLevel' has LevelScriptBlueprint '/Game/_MyContent/Maps/Level_1.Level_1:PersistentLevel.Level_1' with GeneratedClass '/Game/_MyContent/Maps/Level_1.Level_1_C' with ClassGeneratedBy '/Game/_MyContent/Maps/Level_1.Level_1:PersistentLevel.Level_1'
[2019.05.15-07.05.48:677][514]LogPlayLevel: PlayLevel: No blueprints needed recompiling
[2019.05.15-07.05.48:677][514]PIE: New page: PIE session: Level_1 (16 May 2019 3:05:48 am)
[2019.05.15-07.05.48:677][514]LogPlayLevel: Creating play world package: /Game/_MyContent/Maps/UEDPIE_0_Level_1
[2019.05.15-07.05.48:683][514]LogPlayLevel: PIE: StaticDuplicateObject took: (0.005471s)
[2019.05.15-07.05.48:684][514]LogAIModule: Creating AISystem for world Level_1
[2019.05.15-07.05.48:684][514]LogPlayLevel: PIE: World Init took: (0.000875s)
[2019.05.15-07.05.48:684][514]LogPlayLevel: PIE: Created PIE world by copying editor world from /Game/_MyContent/Maps/Level_1.Level_1 to /Game/_MyContent/Maps/UEDPIE_0_Level_1.Level_1 (0.006542s)
[2019.05.15-07.05.48:826][514]LogInit: XAudio2 using 'Speakers (Realtek High Definition Audio)' : 2 channels at 48 kHz using 32 bits per sample (channel mask 0x3)
[2019.05.15-07.05.49:026][514]LogInit: FAudioDevice initialized.
[2019.05.15-07.05.49:038][514]LogSlate: Updating window title bar state: overlay mode, drag disabled, window buttons hidden, title bar hidden
[2019.05.15-07.05.49:078][514]LogLoad: Game class is 'MyGameMode_C'
[2019.05.15-07.05.49:081][514]LogWorld: Bringing World /Game/_MyContent/Maps/UEDPIE_0_Level_1.Level_1 up for play (max tick rate 0) at 2019.05.15-17.05.49
[2019.05.15-07.05.49:081][514]LogWorld: Bringing up level for play took: 0.002175
[2019.05.15-07.05.49:100][514]LogBlueprintUserMessages: [MyGameManager_2] Hello game manager
[2019.05.15-07.05.49:104][514]PIE: Play in editor start time for /Game/_MyContent/Maps/UEDPIE_0_Level_1 0.933
[2019.05.15-07.05.49:105][514]LogBlueprintUserMessages: Late PlayInEditor Detection: Level '/Game/_MyContent/Maps/Level_1.Level_1:PersistentLevel' has LevelScriptBlueprint '/Game/_MyContent/Maps/Level_1.Level_1:PersistentLevel.Level_1' with GeneratedClass '/Game/_MyContent/Maps/Level_1.Level_1_C' with ClassGeneratedBy '/Game/_MyContent/Maps/Level_1.Level_1:PersistentLevel.Level_1'
[2019.05.15-07.05.51:111][530]LogBlueprintUserMessages: Early EndPlayMap Detection: Level '/Game/_MyContent/Maps/Level_1.Level_1:PersistentLevel' has LevelScriptBlueprint '/Game/_MyContent/Maps/Level_1.Level_1:PersistentLevel.Level_1' with GeneratedClass '/Game/_MyContent/Maps/Level_1.Level_1_C' with ClassGeneratedBy '/Game/_MyContent/Maps/Level_1.Level_1:PersistentLevel.Level_1'
[2019.05.15-07.05.51:113][530]LogSlate: Updating window title bar state: overlay mode, drag disabled, window buttons hidden, title bar hidden
[2019.05.15-07.05.51:143][530]LogSlate: Window 'Platforming Game Preview Standalone (64-bit/PCD3D_SM5)' being destroyed
[2019.05.15-07.05.51:310][530]LogPlayLevel: Display: Shutting down PIE online subsystems
[2019.05.15-07.05.51:311][530]LogBlueprintUserMessages: Late EndPlayMap Detection: Level '/Game/_MyContent/Maps/Level_1.Level_1:PersistentLevel' has LevelScriptBlueprint '/Game/_MyContent/Maps/Level_1.Level_1:PersistentLevel.Level_1' with GeneratedClass '/Game/_MyContent/Maps/Level_1.Level_1_C' with ClassGeneratedBy '/Game/_MyContent/Maps/Level_1.Level_1:PersistentLevel.Level_1'
[2019.05.15-07.05.51:545][531]LogPlayLevel: Display: Destroying online subsystem :Context_9
[2019.05.15-07.06.37:222][838]BlueprintLog: New page: Compile MyGameManager
[2019.05.15-07.08.00:500][384]LogEditorViewport: Clicking on Actor (LMB): MyGameManager_C (MyGameManager)
[2019.05.15-07.08.10:503][487]LogSlate: FSceneViewport::OnFocusLost() reason 0
[2019.05.15-07.08.23:891][559]LogSavePackage: Moving '../../../../../../Users/Radio Rentals/Documents/GitHub/platforming/Platforming/Saved/Level_1DD9566764A2BC6E7C8D426B1AB0E7D24.tmp' to '../../../../../../Users/Radio Rentals/Documents/GitHub/platforming/Platforming/Content/_MyContent/Maps/Level_1.umap'
[2019.05.15-07.08.24:670][559]LogSavePackage: Moving '../../../../../../Users/Radio Rentals/Documents/GitHub/platforming/Platforming/Saved/Level_1_BuiltData1A03AF7344DB17F5FB0FB5A1BAAC7798.tmp' to '../../../../../../Users/Radio Rentals/Documents/GitHub/platforming/Platforming/Content/_MyContent/Maps/Level_1_BuiltData.uasset'
