Log file open, 05/27/19 17:16:07
LogWindows: Failed to load 'aqProf.dll' (GetLastError=126)
LogWindows: File 'aqProf.dll' does not exist
LogWindows: Failed to load 'VtuneApi.dll' (GetLastError=126)
LogWindows: File 'VtuneApi.dll' does not exist
LogWindows: Failed to load 'VtuneApi32e.dll' (GetLastError=126)
LogWindows: File 'VtuneApi32e.dll' does not exist
LogConsoleResponse: Display: Failed to find resolution value strings in scalability ini. Falling back to default.
LogInit: Display: Running engine for game: Platforming
LogPakFile: Registered encryption key '00000000000000000000000000000000': 0 pak files mounted, 0 remain pending
LogPlatformFile: Not using cached read wrapper
LogTaskGraph: Started task graph with 5 named threads and 14 total threads with 3 sets of task threads.
LogStats: Stats thread started at 0.348786
LogD3D11RHI: Loaded GFSDK_Aftermath_Lib.x64.dll
LogICUInternationalization: ICU TimeZone Detection - Raw Offset: +10:00, Platform Override: ''
LogPluginManager: Mounting plugin Paper2D
LogPluginManager: Mounting plugin AISupport
LogPluginManager: Mounting plugin LightPropagationVolume
LogPluginManager: Mounting plugin ActorLayerUtilities
LogPluginManager: Mounting plugin CLionSourceCodeAccess
LogPluginManager: Mounting plugin CodeLiteSourceCodeAccess
LogPluginManager: Mounting plugin GitSourceControl
LogPluginManager: Mounting plugin KDevelopSourceCodeAccess
LogPluginManager: Mounting plugin NullSourceCodeAccess
LogPluginManager: Mounting plugin PerforceSourceControl
LogPluginManager: Mounting plugin SubversionSourceControl
LogPluginManager: Mounting plugin UObjectPlugin
LogPluginManager: Mounting plugin VisualStudioCodeSourceCodeAccess
LogPluginManager: Mounting plugin VisualStudioSourceCodeAccess
LogPluginManager: Mounting plugin XCodeSourceCodeAccess
LogPluginManager: Mounting plugin AssetManagerEditor
LogPluginManager: Mounting plugin CryptoKeys
LogPluginManager: Mounting plugin DataValidation
LogPluginManager: Mounting plugin FacialAnimation
LogPluginManager: Mounting plugin GameplayTagsEditor
LogPluginManager: Mounting plugin MacGraphicsSwitching
LogPluginManager: Mounting plugin MeshEditor
LogPluginManager: Mounting plugin MobileLauncherProfileWizard
LogPluginManager: Mounting plugin PluginBrowser
LogPluginManager: Mounting plugin SpeedTreeImporter
LogPluginManager: Mounting plugin DatasmithContent
LogPluginManager: Mounting plugin VariantManagerContent
LogPluginManager: Mounting plugin AlembicImporter
LogPluginManager: Mounting plugin AppleImageUtils
LogPluginManager: Mounting plugin AppleVision
LogPluginManager: Mounting plugin BackChannel
LogPluginManager: Mounting plugin CharacterAI
LogPluginManager: Mounting plugin GeometryCache
LogPluginManager: Mounting plugin HTML5Networking
LogPluginManager: Mounting plugin ProxyLODPlugin
LogPluginManager: Mounting plugin MagicLeap
LogPluginManager: Mounting plugin MagicLeapMedia
LogPluginManager: Mounting plugin AndroidMedia
LogPluginManager: Mounting plugin AvfMedia
LogPluginManager: Mounting plugin ImgMedia
LogPluginManager: Mounting plugin LinearTimecode
LogPluginManager: Mounting plugin MediaCompositing
LogPluginManager: Mounting plugin MediaPlayerEditor
LogPluginManager: Mounting plugin WebMMedia
LogPluginManager: Mounting plugin WmfMedia
LogPluginManager: Mounting plugin TcpMessaging
LogPluginManager: Mounting plugin UdpMessaging
LogPluginManager: Mounting plugin ActorSequence
LogPluginManager: Mounting plugin LevelSequenceEditor
LogPluginManager: Mounting plugin MatineeToLevelSequence
LogPluginManager: Mounting plugin NetcodeUnitTest
LogPluginManager: Mounting plugin NUTUnrealEngine4
LogPluginManager: Mounting plugin OnlineSubsystemGooglePlay
LogPluginManager: Mounting plugin OnlineSubsystemIOS
LogPluginManager: Mounting plugin OnlineSubsystem
LogPluginManager: Mounting plugin OnlineSubsystemNull
LogPluginManager: Mounting plugin OnlineSubsystemUtils
LogPluginManager: Mounting plugin LauncherChunkInstaller
LogPluginManager: Mounting plugin AndroidDeviceProfileSelector
LogPluginManager: Mounting plugin AndroidMoviePlayer
LogPluginManager: Mounting plugin AndroidPermission
LogPluginManager: Mounting plugin AppleMoviePlayer
LogPluginManager: Mounting plugin ArchVisCharacter
LogPluginManager: Mounting plugin AudioCapture
LogPluginManager: Mounting plugin CableComponent
LogPluginManager: Mounting plugin CustomMeshComponent
LogPluginManager: Mounting plugin EditableMesh
LogPluginManager: Mounting plugin ExampleDeviceProfileSelector
LogPluginManager: Mounting plugin Firebase
LogPluginManager: Mounting plugin GoogleCloudMessaging
LogPluginManager: Mounting plugin IOSDeviceProfileSelector
LogPluginManager: Mounting plugin LinuxDeviceProfileSelector
LogPluginManager: Mounting plugin LocationServicesBPLibrary
LogPluginManager: Mounting plugin MobilePatchingUtils
LogPluginManager: Mounting plugin OculusVR
LogPluginManager: Mounting plugin PhysXVehicles
LogPluginManager: Mounting plugin ProceduralMeshComponent
LogPluginManager: Mounting plugin RuntimePhysXCooking
LogPluginManager: Mounting plugin SteamVR
LogPluginManager: Mounting plugin WebMMoviePlayer
LogPluginManager: Mounting plugin WindowsMoviePlayer
LogStreaming: Display: Took  1.096s to configure plugins.
LogInit: Using libcurl 7.55.1-DEV
LogInit:  - built for x86_64-pc-win32
LogInit:  - supports SSL with OpenSSL/1.0.2h
LogInit:  - supports HTTP deflate (compression) using libz 1.2.8
LogInit:  - other features:
LogInit:      CURL_VERSION_SSL
LogInit:      CURL_VERSION_LIBZ
LogInit:      CURL_VERSION_IPV6
LogInit:      CURL_VERSION_ASYNCHDNS
LogInit:      CURL_VERSION_LARGEFILE
LogInit:      CURL_VERSION_IDN
LogInit:  CurlRequestOptions (configurable via config and command line):
LogInit:  - bVerifyPeer = true  - Libcurl will verify peer certificate
LogInit:  - bUseHttpProxy = false  - Libcurl will NOT use HTTP proxy
LogInit:  - bDontReuseConnections = false  - Libcurl will reuse connections
LogInit:  - MaxHostConnections = 16  - Libcurl will limit the number of connections to a host
LogInit:  - LocalHostAddr = Default
LogInit:  - BufferSize = 65536
LogInit: WinSock: version 1.1 (2.2), MaxSocks=32767, MaxUdp=65467
LogInit: Build: ++UE4+Release-4.21-CL-4753647
LogInit: Engine Version: 4.21.2-4753647+++UE4+Release-4.21
LogInit: Compatible Engine Version: 4.21.0-4541578+++UE4+Release-4.21
LogInit: Net CL: 4541578
LogInit: OS: Windows 10 (), CPU: Intel(R) Core(TM) i5-4460T CPU @ 1.90GHz, GPU: Intel(R) HD Graphics 4600
LogInit: Compiled (64-bit): Jan 19 2019 02:07:31
LogInit: Compiled with Visual C++: 19.13.26129.00
LogInit: Build Configuration: Development
LogInit: Branch Name: ++UE4+Release-4.21
LogInit: Command Line: 
LogInit: Base Directory: C:/Program Files/Epic Games/UE_4.21/Engine/Binaries/Win64/
LogInit: Installed Engine Build: 1
LogDevObjectVersion: Number of dev versions registered: 22
LogDevObjectVersion:   Dev-Blueprints (B0D832E4-1F89-4F0D-ACCF-7EB736FD4AA2): 10
LogDevObjectVersion:   Dev-Build (E1C64328-A22C-4D53-A36C-8E866417BD8C): 0
LogDevObjectVersion:   Dev-Core (375EC13C-06E4-48FB-B500-84F0262A717E): 2
LogDevObjectVersion:   Dev-Editor (E4B068ED-F494-42E9-A231-DA0B2E46BB41): 26
LogDevObjectVersion:   Dev-Framework (CFFC743F-43B0-4480-9391-14DF171D2073): 34
LogDevObjectVersion:   Dev-Mobile (B02B49B5-BB20-44E9-A304-32B752E40360): 2
LogDevObjectVersion:   Dev-Networking (A4E4105C-59A1-49B5-A7C5-40C4547EDFEE): 0
LogDevObjectVersion:   Dev-Online (39C831C9-5AE6-47DC-9A44-9C173E1C8E7C): 0
LogDevObjectVersion:   Dev-Physics (78F01B33-EBEA-4F98-B9B4-84EACCB95AA2): 0
LogDevObjectVersion:   Dev-Platform (6631380F-2D4D-43E0-8009-CF276956A95A): 0
LogDevObjectVersion:   Dev-Rendering (12F88B9F-8875-4AFC-A67C-D90C383ABD29): 27
LogDevObjectVersion:   Dev-Sequencer (7B5AE74C-D270-4C10-A958-57980B212A5A): 9
LogDevObjectVersion:   Dev-VR (D7296918-1DD6-4BDD-9DE2-64A83CC13884): 2
LogDevObjectVersion:   Dev-LoadTimes (C2A15278-BFE7-4AFE-6C17-90FF531DF755): 1
LogDevObjectVersion:   Private-Geometry (6EACA3D4-40EC-4CC1-B786-8BED09428FC5): 3
LogDevObjectVersion:   Dev-AnimPhys (29E575DD-E0A3-4627-9D10-D276232CDCEA): 17
LogDevObjectVersion:   Dev-Anim (AF43A65D-7FD3-4947-9873-3E8ED9C1BB05): 2
LogDevObjectVersion:   Dev-ReflectionCapture (6B266CEC-1EC7-4B8F-A30B-E4D90942FC07): 1
LogDevObjectVersion:   Dev-Automation (0DF73D61-A23F-47EA-B727-89E90C41499A): 1
LogDevObjectVersion:   FortniteMain (601D1886-AC64-4F84-AA16-D3DE0DEAC7D6): 17
LogDevObjectVersion:   Dev-Enterprise (9DFFBCD6-494F-0158-E221-12823C92A888): 4
LogDevObjectVersion:   Dev-Niagara (F2AED0AC-9AFE-416F-8664-AA7FFA26D6FC): 1
LogStreaming: Display: Took  0.014s to delete old logs.
LogInit: Presizing for max 8388607 objects, including 0 objects not considered by GC, pre-allocating 0 bytes for permanent pool.
LogInit: Object subsystem initialized
LogConfig: Setting CVar [[con.DebugEarlyDefault:1]]
LogConfig: Setting CVar [[r.setres:1280x720]]
[2019.05.27-07.16.10:941][  0]LogConfig: Setting CVar [[r.VSync:0]]
[2019.05.27-07.16.10:941][  0]LogConfig: Setting CVar [[r.RHICmdBypass:0]]
[2019.05.27-07.16.10:941][  0]LogConfig: Applying CVar settings from Section [/Script/Engine.RendererSettings] File [C:/Users/Radio Rentals/Documents/GitHub/platforming/Platforming/Saved/Config/Windows/Engine.ini]
[2019.05.27-07.16.10:941][  0]LogConfig: Setting CVar [[r.GPUCrashDebugging:0]]
[2019.05.27-07.16.10:941][  0]LogConfig: Applying CVar settings from Section [/Script/Engine.RendererOverrideSettings] File [C:/Users/Radio Rentals/Documents/GitHub/platforming/Platforming/Saved/Config/Windows/Engine.ini]
[2019.05.27-07.16.10:941][  0]LogConfig: Applying CVar settings from Section [/Script/Engine.StreamingSettings] File [C:/Users/Radio Rentals/Documents/GitHub/platforming/Platforming/Saved/Config/Windows/Engine.ini]
[2019.05.27-07.16.10:941][  0]LogConfig: Setting CVar [[s.MinBulkDataSizeForAsyncLoading:131072]]
[2019.05.27-07.16.10:941][  0]LogConfig: Setting CVar [[s.AsyncLoadingThreadEnabled:0]]
[2019.05.27-07.16.10:941][  0]LogConfig: Setting CVar [[s.EventDrivenLoaderEnabled:1]]
[2019.05.27-07.16.10:941][  0]LogConfig: Setting CVar [[s.WarnIfTimeLimitExceeded:0]]
[2019.05.27-07.16.10:941][  0]LogConfig: Setting CVar [[s.TimeLimitExceededMultiplier:1.5]]
[2019.05.27-07.16.10:941][  0]LogConfig: Setting CVar [[s.TimeLimitExceededMinTime:0.005]]
[2019.05.27-07.16.10:941][  0]LogConfig: Setting CVar [[s.UseBackgroundLevelStreaming:1]]
[2019.05.27-07.16.10:941][  0]LogConfig: Setting CVar [[s.PriorityAsyncLoadingExtraTime:15.0]]
[2019.05.27-07.16.10:941][  0]LogConfig: Setting CVar [[s.LevelStreamingActorsUpdateTimeLimit:5.0]]
[2019.05.27-07.16.10:941][  0]LogConfig: Setting CVar [[s.PriorityLevelStreamingActorsUpdateExtraTime:5.0]]
[2019.05.27-07.16.10:941][  0]LogConfig: Setting CVar [[s.LevelStreamingComponentsRegistrationGranularity:10]]
[2019.05.27-07.16.10:941][  0]LogConfig: Setting CVar [[s.UnregisterComponentsTimeLimit:1.0]]
[2019.05.27-07.16.10:941][  0]LogConfig: Setting CVar [[s.LevelStreamingComponentsUnregistrationGranularity:5]]
[2019.05.27-07.16.10:941][  0]LogConfig: Applying CVar settings from Section [/Script/Engine.GarbageCollectionSettings] File [C:/Users/Radio Rentals/Documents/GitHub/platforming/Platforming/Saved/Config/Windows/Engine.ini]
[2019.05.27-07.16.10:941][  0]LogConfig: Setting CVar [[gc.MaxObjectsNotConsideredByGC:1]]
[2019.05.27-07.16.10:941][  0]LogConfig: Setting CVar [[gc.SizeOfPermanentObjectPool:0]]
[2019.05.27-07.16.10:941][  0]LogConfig: Setting CVar [[gc.FlushStreamingOnGC:0]]
[2019.05.27-07.16.10:941][  0]LogConfig: Setting CVar [[gc.NumRetriesBeforeForcingGC:10]]
[2019.05.27-07.16.10:941][  0]LogConfig: Setting CVar [[gc.AllowParallelGC:1]]
[2019.05.27-07.16.10:941][  0]LogConfig: Setting CVar [[gc.TimeBetweenPurgingPendingKillObjects:61.1]]
[2019.05.27-07.16.10:941][  0]LogConfig: Setting CVar [[gc.MaxObjectsInEditor:8388607]]
[2019.05.27-07.16.10:941][  0]LogConfig: Setting CVar [[gc.IncrementalBeginDestroyEnabled:1]]
[2019.05.27-07.16.10:941][  0]LogConfig: Setting CVar [[gc.CreateGCClusters:1]]
[2019.05.27-07.16.10:941][  0]LogConfig: Setting CVar [[gc.MergeGCClusters:0]]
[2019.05.27-07.16.10:941][  0]LogConfig: Setting CVar [[gc.MinGCClusterSize:5]]
[2019.05.27-07.16.10:941][  0]LogConfig: Setting CVar [[gc.ActorClusteringEnabled:0]]
[2019.05.27-07.16.10:941][  0]LogConfig: Setting CVar [[gc.BlueprintClusteringEnabled:0]]
[2019.05.27-07.16.10:941][  0]LogConfig: Setting CVar [[gc.UseDisregardForGCOnDedicatedServers:0]]
[2019.05.27-07.16.10:941][  0]LogConfig: Applying CVar settings from Section [/Script/Engine.NetworkSettings] File [C:/Users/Radio Rentals/Documents/GitHub/platforming/Platforming/Saved/Config/Windows/Engine.ini]
[2019.05.27-07.16.10:941][  0]LogConfig: Applying CVar settings from Section [/Script/UnrealEd.CookerSettings] File [C:/Users/Radio Rentals/Documents/GitHub/platforming/Platforming/Saved/Config/Windows/Engine.ini]
[2019.05.27-07.16.10:951][  0]LogConfig: Applying CVar settings from Section [ViewDistanceQuality@3] File [C:/Users/Radio Rentals/Documents/GitHub/platforming/Platforming/Saved/Config/Windows/Scalability.ini]
[2019.05.27-07.16.10:951][  0]LogConfig: Setting CVar [[r.SkeletalMeshLODBias:0]]
[2019.05.27-07.16.10:951][  0]LogConfig: Setting CVar [[r.ViewDistanceScale:1.0]]
[2019.05.27-07.16.10:951][  0]LogConfig: Applying CVar settings from Section [AntiAliasingQuality@3] File [C:/Users/Radio Rentals/Documents/GitHub/platforming/Platforming/Saved/Config/Windows/Scalability.ini]
[2019.05.27-07.16.10:951][  0]LogConfig: Setting CVar [[r.PostProcessAAQuality:4]]
[2019.05.27-07.16.10:951][  0]LogConfig: Applying CVar settings from Section [ShadowQuality@3] File [C:/Users/Radio Rentals/Documents/GitHub/platforming/Platforming/Saved/Config/Windows/Scalability.ini]
[2019.05.27-07.16.10:951][  0]LogConfig: Setting CVar [[r.LightFunctionQuality:1]]
[2019.05.27-07.16.10:951][  0]LogConfig: Setting CVar [[r.ShadowQuality:5]]
[2019.05.27-07.16.10:951][  0]LogConfig: Setting CVar [[r.Shadow.CSM.MaxCascades:10]]
[2019.05.27-07.16.10:952][  0]LogConfig: Setting CVar [[r.Shadow.MaxResolution:2048]]
[2019.05.27-07.16.10:952][  0]LogConfig: Setting CVar [[r.Shadow.MaxCSMResolution:2048]]
[2019.05.27-07.16.10:952][  0]LogConfig: Setting CVar [[r.Shadow.RadiusThreshold:0.01]]
[2019.05.27-07.16.10:952][  0]LogConfig: Setting CVar [[r.Shadow.DistanceScale:1.0]]
[2019.05.27-07.16.10:952][  0]LogConfig: Setting CVar [[r.Shadow.CSM.TransitionScale:1.0]]
[2019.05.27-07.16.10:952][  0]LogConfig: Setting CVar [[r.Shadow.PreShadowResolutionFactor:1.0]]
[2019.05.27-07.16.10:952][  0]LogConfig: Setting CVar [[r.DistanceFieldShadowing:1]]
[2019.05.27-07.16.10:952][  0]LogConfig: Setting CVar [[r.DistanceFieldAO:1]]
[2019.05.27-07.16.10:952][  0]LogConfig: Setting CVar [[r.AOQuality:2]]
[2019.05.27-07.16.10:952][  0]LogConfig: Setting CVar [[r.VolumetricFog:1]]
[2019.05.27-07.16.10:952][  0]LogConfig: Setting CVar [[r.VolumetricFog.GridPixelSize:8]]
[2019.05.27-07.16.10:952][  0]LogConfig: Setting CVar [[r.VolumetricFog.GridSizeZ:128]]
[2019.05.27-07.16.10:952][  0]LogConfig: Setting CVar [[r.VolumetricFog.HistoryMissSupersampleCount:4]]
[2019.05.27-07.16.10:952][  0]LogConfig: Setting CVar [[r.LightMaxDrawDistanceScale:1]]
[2019.05.27-07.16.10:952][  0]LogConfig: Setting CVar [[r.CapsuleShadows:1]]
[2019.05.27-07.16.10:952][  0]LogConfig: Applying CVar settings from Section [PostProcessQuality@3] File [C:/Users/Radio Rentals/Documents/GitHub/platforming/Platforming/Saved/Config/Windows/Scalability.ini]
[2019.05.27-07.16.10:952][  0]LogConfig: Setting CVar [[r.MotionBlurQuality:4]]
[2019.05.27-07.16.10:952][  0]LogConfig: Setting CVar [[r.AmbientOcclusionMipLevelFactor:0.4]]
[2019.05.27-07.16.10:952][  0]LogConfig: Setting CVar [[r.AmbientOcclusionMaxQuality:100]]
[2019.05.27-07.16.10:952][  0]LogConfig: Setting CVar [[r.AmbientOcclusionLevels:-1]]
[2019.05.27-07.16.10:952][  0]LogConfig: Setting CVar [[r.AmbientOcclusionRadiusScale:1.0]]
[2019.05.27-07.16.10:952][  0]LogConfig: Setting CVar [[r.DepthOfFieldQuality:2]]
[2019.05.27-07.16.10:952][  0]LogConfig: Setting CVar [[r.RenderTargetPoolMin:400]]
[2019.05.27-07.16.10:952][  0]LogConfig: Setting CVar [[r.LensFlareQuality:2]]
[2019.05.27-07.16.10:952][  0]LogConfig: Setting CVar [[r.SceneColorFringeQuality:1]]
[2019.05.27-07.16.10:952][  0]LogConfig: Setting CVar [[r.EyeAdaptationQuality:2]]
[2019.05.27-07.16.10:952][  0]LogConfig: Setting CVar [[r.BloomQuality:5]]
[2019.05.27-07.16.10:952][  0]LogConfig: Setting CVar [[r.FastBlurThreshold:100]]
[2019.05.27-07.16.10:952][  0]LogConfig: Setting CVar [[r.Upscale.Quality:3]]
[2019.05.27-07.16.10:952][  0]LogConfig: Setting CVar [[r.Tonemapper.GrainQuantization:1]]
[2019.05.27-07.16.10:952][  0]LogConfig: Setting CVar [[r.LightShaftQuality:1]]
[2019.05.27-07.16.10:952][  0]LogConfig: Setting CVar [[r.Filter.SizeScale:1]]
[2019.05.27-07.16.10:952][  0]LogConfig: Setting CVar [[r.Tonemapper.Quality:5]]
[2019.05.27-07.16.10:952][  0]LogConfig: Setting CVar [[r.DOF.Gather.AccumulatorQuality:1        ; higher gathering accumulator quality]]
[2019.05.27-07.16.10:952][  0]LogConfig: Setting CVar [[r.DOF.Gather.PostfilterMethod:1          ; Median3x3 postfilering method]]
[2019.05.27-07.16.10:952][  0]LogConfig: Setting CVar [[r.DOF.Gather.EnableBokehSettings:0       ; no bokeh simulation when gathering]]
[2019.05.27-07.16.10:952][  0]LogConfig: Setting CVar [[r.DOF.Gather.RingCount:4                 ; medium number of samples when gathering]]
[2019.05.27-07.16.10:952][  0]LogConfig: Setting CVar [[r.DOF.Scatter.ForegroundCompositing:1    ; additive foreground scattering]]
[2019.05.27-07.16.10:952][  0]LogConfig: Setting CVar [[r.DOF.Scatter.BackgroundCompositing:2    ; additive background scattering]]
[2019.05.27-07.16.10:952][  0]LogConfig: Setting CVar [[r.DOF.Scatter.EnableBokehSettings:1      ; bokeh simulation when scattering]]
[2019.05.27-07.16.10:952][  0]LogConfig: Setting CVar [[r.DOF.Scatter.MaxSpriteRatio:0.1         ; only a maximum of 10% of scattered bokeh]]
[2019.05.27-07.16.10:952][  0]LogConfig: Setting CVar [[r.DOF.Recombine.Quality:1                ; cheap slight out of focus]]
[2019.05.27-07.16.10:952][  0]LogConfig: Setting CVar [[r.DOF.Recombine.EnableBokehSettings:0    ; no bokeh simulation on slight out of focus]]
[2019.05.27-07.16.10:952][  0]LogConfig: Setting CVar [[r.DOF.TemporalAAQuality:1                ; more stable temporal accumulation]]
[2019.05.27-07.16.10:952][  0]LogConfig: Setting CVar [[r.DOF.Kernel.MaxForegroundRadius:0.025]]
[2019.05.27-07.16.10:952][  0]LogConfig: Setting CVar [[r.DOF.Kernel.MaxBackgroundRadius:0.025]]
[2019.05.27-07.16.10:952][  0]LogConfig: Applying CVar settings from Section [TextureQuality@3] File [C:/Users/Radio Rentals/Documents/GitHub/platforming/Platforming/Saved/Config/Windows/Scalability.ini]
[2019.05.27-07.16.10:952][  0]LogConfig: Setting CVar [[r.Streaming.MipBias:0]]
[2019.05.27-07.16.10:952][  0]LogConfig: Setting CVar [[r.Streaming.AmortizeCPUToGPUCopy:0]]
[2019.05.27-07.16.10:952][  0]LogConfig: Setting CVar [[r.Streaming.MaxNumTexturesToStreamPerFrame:0]]
[2019.05.27-07.16.10:953][  0]LogConfig: Setting CVar [[r.Streaming.Boost:1]]
[2019.05.27-07.16.10:953][  0]LogConfig: Setting CVar [[r.MaxAnisotropy:8]]
[2019.05.27-07.16.10:953][  0]LogConfig: Setting CVar [[r.Streaming.LimitPoolSizeToVRAM:0]]
[2019.05.27-07.16.10:953][  0]LogConfig: Setting CVar [[r.Streaming.PoolSize:1000]]
[2019.05.27-07.16.10:953][  0]LogConfig: Setting CVar [[r.Streaming.MaxEffectiveScreenSize:0]]
[2019.05.27-07.16.10:953][  0]LogConfig: Applying CVar settings from Section [EffectsQuality@3] File [C:/Users/Radio Rentals/Documents/GitHub/platforming/Platforming/Saved/Config/Windows/Scalability.ini]
[2019.05.27-07.16.10:953][  0]LogConfig: Setting CVar [[r.TranslucencyLightingVolumeDim:64]]
[2019.05.27-07.16.10:953][  0]LogConfig: Setting CVar [[r.RefractionQuality:2]]
[2019.05.27-07.16.10:953][  0]LogConfig: Setting CVar [[r.SSR.Quality:3]]
[2019.05.27-07.16.10:953][  0]LogConfig: Setting CVar [[r.SceneColorFormat:4]]
[2019.05.27-07.16.10:953][  0]LogConfig: Setting CVar [[r.DetailMode:2]]
[2019.05.27-07.16.10:953][  0]LogConfig: Setting CVar [[r.TranslucencyVolumeBlur:1]]
[2019.05.27-07.16.10:953][  0]LogConfig: Setting CVar [[r.MaterialQualityLevel:1 ; High quality]]
[2019.05.27-07.16.10:953][  0]LogConfig: Setting CVar [[r.SSS.Scale:1]]
[2019.05.27-07.16.10:953][  0]LogConfig: Setting CVar [[r.SSS.SampleSet:2]]
[2019.05.27-07.16.10:953][  0]LogConfig: Setting CVar [[r.SSS.Quality:1]]
[2019.05.27-07.16.10:953][  0]LogConfig: Setting CVar [[r.SSS.HalfRes:1]]
[2019.05.27-07.16.10:953][  0]LogConfig: Setting CVar [[r.EmitterSpawnRateScale:1.0]]
[2019.05.27-07.16.10:953][  0]LogConfig: Setting CVar [[r.ParticleLightQuality:2]]
[2019.05.27-07.16.10:953][  0]LogConfig: Applying CVar settings from Section [FoliageQuality@3] File [C:/Users/Radio Rentals/Documents/GitHub/platforming/Platforming/Saved/Config/Windows/Scalability.ini]
[2019.05.27-07.16.10:953][  0]LogConfig: Setting CVar [[foliage.DensityScale:1.0]]
[2019.05.27-07.16.10:953][  0]LogConfig: Setting CVar [[grass.DensityScale:1.0]]
[2019.05.27-07.16.10:953][  0]LogInit: Selected Device Profile: [Windows]
[2019.05.27-07.16.10:953][  0]LogInit: Applying CVar settings loaded from the selected device profile: [Windows]
[2019.05.27-07.16.11:022][  0]LogHAL: Display: Platform has ~ 8 GB [8472207360 / 8589934592 / 8], which maps to Default [LargestMinGB=32, LargerMinGB=12, DefaultMinGB=8, SmallerMinGB=6, SmallestMinGB=0)
[2019.05.27-07.16.11:022][  0]LogConfig: Setting CVar [[r.Vulkan.UseRealUBs:1]]
[2019.05.27-07.16.11:022][  0]LogInit: Going up to parent DeviceProfile []
[2019.05.27-07.16.11:022][  0]LogConfig: Applying CVar settings from Section [ViewDistanceQuality@0] File [C:/Users/Radio Rentals/Documents/GitHub/platforming/Platforming/Saved/Config/Windows/Scalability.ini]
[2019.05.27-07.16.11:022][  0]LogConfig: Setting CVar [[r.SkeletalMeshLODBias:2]]
[2019.05.27-07.16.11:022][  0]LogConfig: Setting CVar [[r.ViewDistanceScale:0.4]]
[2019.05.27-07.16.11:023][  0]LogConfig: Applying CVar settings from Section [AntiAliasingQuality@0] File [C:/Users/Radio Rentals/Documents/GitHub/platforming/Platforming/Saved/Config/Windows/Scalability.ini]
[2019.05.27-07.16.11:023][  0]LogConfig: Setting CVar [[r.PostProcessAAQuality:0]]
[2019.05.27-07.16.11:023][  0]LogConfig: Applying CVar settings from Section [ShadowQuality@0] File [C:/Users/Radio Rentals/Documents/GitHub/platforming/Platforming/Saved/Config/Windows/Scalability.ini]
[2019.05.27-07.16.11:023][  0]LogConfig: Setting CVar [[r.LightFunctionQuality:0]]
[2019.05.27-07.16.11:023][  0]LogConfig: Setting CVar [[r.ShadowQuality:0]]
[2019.05.27-07.16.11:023][  0]LogConfig: Setting CVar [[r.Shadow.CSM.MaxCascades:1]]
[2019.05.27-07.16.11:023][  0]LogConfig: Setting CVar [[r.Shadow.MaxResolution:512]]
[2019.05.27-07.16.11:023][  0]LogConfig: Setting CVar [[r.Shadow.MaxCSMResolution:512]]
[2019.05.27-07.16.11:023][  0]LogConfig: Setting CVar [[r.Shadow.RadiusThreshold:0.06]]
[2019.05.27-07.16.11:023][  0]LogConfig: Setting CVar [[r.Shadow.DistanceScale:0.6]]
[2019.05.27-07.16.11:023][  0]LogConfig: Setting CVar [[r.Shadow.CSM.TransitionScale:0]]
[2019.05.27-07.16.11:023][  0]LogConfig: Setting CVar [[r.Shadow.PreShadowResolutionFactor:0.5]]
[2019.05.27-07.16.11:023][  0]LogConfig: Setting CVar [[r.DistanceFieldShadowing:0]]
[2019.05.27-07.16.11:023][  0]LogConfig: Setting CVar [[r.DistanceFieldAO:0]]
[2019.05.27-07.16.11:023][  0]LogConfig: Setting CVar [[r.VolumetricFog:0]]
[2019.05.27-07.16.11:023][  0]LogConfig: Setting CVar [[r.LightMaxDrawDistanceScale:0]]
[2019.05.27-07.16.11:023][  0]LogConfig: Setting CVar [[r.CapsuleShadows:0]]
[2019.05.27-07.16.11:023][  0]LogConfig: Applying CVar settings from Section [PostProcessQuality@0] File [C:/Users/Radio Rentals/Documents/GitHub/platforming/Platforming/Saved/Config/Windows/Scalability.ini]
[2019.05.27-07.16.11:023][  0]LogConfig: Setting CVar [[r.MotionBlurQuality:0]]
[2019.05.27-07.16.11:023][  0]LogConfig: Setting CVar [[r.AmbientOcclusionMipLevelFactor:1.0]]
[2019.05.27-07.16.11:023][  0]LogConfig: Setting CVar [[r.AmbientOcclusionMaxQuality:0]]
[2019.05.27-07.16.11:023][  0]LogConfig: Setting CVar [[r.AmbientOcclusionLevels:0]]
[2019.05.27-07.16.11:023][  0]LogConfig: Setting CVar [[r.AmbientOcclusionRadiusScale:1.2]]
[2019.05.27-07.16.11:023][  0]LogConfig: Setting CVar [[r.DepthOfFieldQuality:0]]
[2019.05.27-07.16.11:023][  0]LogConfig: Setting CVar [[r.RenderTargetPoolMin:300]]
[2019.05.27-07.16.11:023][  0]LogConfig: Setting CVar [[r.LensFlareQuality:0]]
[2019.05.27-07.16.11:023][  0]LogConfig: Setting CVar [[r.SceneColorFringeQuality:0]]
[2019.05.27-07.16.11:023][  0]LogConfig: Setting CVar [[r.EyeAdaptationQuality:0]]
[2019.05.27-07.16.11:023][  0]LogConfig: Setting CVar [[r.BloomQuality:4]]
[2019.05.27-07.16.11:023][  0]LogConfig: Setting CVar [[r.FastBlurThreshold:0]]
[2019.05.27-07.16.11:023][  0]LogConfig: Setting CVar [[r.Upscale.Quality:1]]
[2019.05.27-07.16.11:023][  0]LogConfig: Setting CVar [[r.Tonemapper.GrainQuantization:0]]
[2019.05.27-07.16.11:023][  0]LogConfig: Setting CVar [[r.LightShaftQuality:0]]
[2019.05.27-07.16.11:023][  0]LogConfig: Setting CVar [[r.Filter.SizeScale:0.6]]
[2019.05.27-07.16.11:023][  0]LogConfig: Setting CVar [[r.Tonemapper.Quality:0]]
[2019.05.27-07.16.11:023][  0]LogConfig: Applying CVar settings from Section [TextureQuality@0] File [C:/Users/Radio Rentals/Documents/GitHub/platforming/Platforming/Saved/Config/Windows/Scalability.ini]
[2019.05.27-07.16.11:023][  0]LogConfig: Setting CVar [[r.Streaming.MipBias:16]]
[2019.05.27-07.16.11:023][  0]LogConfig: Setting CVar [[r.Streaming.AmortizeCPUToGPUCopy:1]]
[2019.05.27-07.16.11:023][  0]LogConfig: Setting CVar [[r.Streaming.MaxNumTexturesToStreamPerFrame:1]]
[2019.05.27-07.16.11:023][  0]LogConfig: Setting CVar [[r.Streaming.Boost:0.3]]
[2019.05.27-07.16.11:023][  0]LogConfig: Setting CVar [[r.MaxAnisotropy:0]]
[2019.05.27-07.16.11:023][  0]LogConfig: Setting CVar [[r.Streaming.LimitPoolSizeToVRAM:1]]
[2019.05.27-07.16.11:023][  0]LogConfig: Setting CVar [[r.Streaming.PoolSize:400]]
[2019.05.27-07.16.11:023][  0]LogConfig: Setting CVar [[r.Streaming.MaxEffectiveScreenSize:0]]
[2019.05.27-07.16.11:023][  0]LogConfig: Applying CVar settings from Section [EffectsQuality@0] File [C:/Users/Radio Rentals/Documents/GitHub/platforming/Platforming/Saved/Config/Windows/Scalability.ini]
[2019.05.27-07.16.11:023][  0]LogConfig: Setting CVar [[r.TranslucencyLightingVolumeDim:24]]
[2019.05.27-07.16.11:023][  0]LogConfig: Setting CVar [[r.RefractionQuality:0]]
[2019.05.27-07.16.11:023][  0]LogConfig: Setting CVar [[r.SSR.Quality:0]]
[2019.05.27-07.16.11:023][  0]LogConfig: Setting CVar [[r.SceneColorFormat:3]]
[2019.05.27-07.16.11:023][  0]LogConfig: Setting CVar [[r.DetailMode:0]]
[2019.05.27-07.16.11:024][  0]LogConfig: Setting CVar [[r.TranslucencyVolumeBlur:0]]
[2019.05.27-07.16.11:024][  0]LogConfig: Setting CVar [[r.MaterialQualityLevel:0 ; Low quality]]
[2019.05.27-07.16.11:024][  0]LogConfig: Setting CVar [[r.SSS.Scale:0]]
[2019.05.27-07.16.11:024][  0]LogConfig: Setting CVar [[r.SSS.SampleSet:0]]
[2019.05.27-07.16.11:024][  0]LogConfig: Setting CVar [[r.SSS.Quality:0]]
[2019.05.27-07.16.11:024][  0]LogConfig: Setting CVar [[r.SSS.HalfRes:1]]
[2019.05.27-07.16.11:024][  0]LogConfig: Setting CVar [[r.EmitterSpawnRateScale:0.125]]
[2019.05.27-07.16.11:024][  0]LogConfig: Setting CVar [[r.ParticleLightQuality:0]]
[2019.05.27-07.16.11:024][  0]LogConfig: Applying CVar settings from Section [FoliageQuality@0] File [C:/Users/Radio Rentals/Documents/GitHub/platforming/Platforming/Saved/Config/Windows/Scalability.ini]
[2019.05.27-07.16.11:024][  0]LogConfig: Setting CVar [[foliage.DensityScale:0]]
[2019.05.27-07.16.11:024][  0]LogConfig: Setting CVar [[grass.DensityScale:0]]
[2019.05.27-07.16.11:024][  0]LogConfig: Applying CVar settings from Section [Startup] File [../../../Engine/Config/ConsoleVariables.ini]
[2019.05.27-07.16.11:040][  0]LogConfig: Setting CVar [[net.UseAdaptiveNetUpdateFrequency:0]]
[2019.05.27-07.16.11:040][  0]LogConfig: Applying CVar settings from Section [ConsoleVariables] File [C:/Users/Radio Rentals/Documents/GitHub/platforming/Platforming/Saved/Config/Windows/Engine.ini]
[2019.05.27-07.16.11:040][  0]LogInit: Computer: DESKTOP-SNPC36S
[2019.05.27-07.16.11:040][  0]LogInit: User: RadioRentals
[2019.05.27-07.16.11:040][  0]LogInit: CPU Page size=4096, Cores=4
[2019.05.27-07.16.11:040][  0]LogInit: High frequency timer resolution =1.851182 MHz
[2019.05.27-07.16.11:041][  0]LogMemory: Memory total: Physical=7.9GB (8GB approx)
[2019.05.27-07.16.11:041][  0]LogMemory: Platform Memory Stats for Windows
[2019.05.27-07.16.11:041][  0]LogMemory: Process Physical Memory: 102.35 MB used, 102.35 MB peak
[2019.05.27-07.16.11:041][  0]LogMemory: Process Virtual Memory: 84.83 MB used, 84.83 MB peak
[2019.05.27-07.16.11:041][  0]LogMemory: Physical Memory: 4868.55 MB used,  3211.17 MB free, 8079.73 MB total
[2019.05.27-07.16.11:041][  0]LogMemory: Virtual Memory: 4633.91 MB used,  134213096.00 MB free, 134217728.00 MB total
[2019.05.27-07.16.14:688][  0]LogInit: Using OS detected language (en-US).
[2019.05.27-07.16.14:688][  0]LogInit: Using OS detected locale (en-AU).
[2019.05.27-07.16.14:722][  0]LogTextLocalizationManager: No specific localization for 'en-US' exists, so the 'en' localization will be used.
[2019.05.27-07.16.15:954][  0]LogStreaming: Display: Took  1.265s to InitEngineTextLocalization.
[2019.05.27-07.16.15:955][  0]LogInit: Setting process to per monitor DPI aware
[2019.05.27-07.16.16:459][  0]LogSlate: New Slate User Created.  User Index 0, Is Virtual User: 0
[2019.05.27-07.16.16:459][  0]LogSlate: Slate User Registered.  User Index 0, Is Virtual User: 0
[2019.05.27-07.16.19:951][  0]LogHMD: Failed to initialize OpenVR with code 110
[2019.05.27-07.16.19:951][  0]LogD3D11RHI: D3D11 adapters:
[2019.05.27-07.16.20:071][  0]LogD3D11RHI:    0. 'Intel(R) HD Graphics 4600' (Feature Level 11_0)
[2019.05.27-07.16.20:071][  0]LogD3D11RHI:       112/0/2048 MB DedicatedVideo/DedicatedSystem/SharedSystem, Outputs:1, VendorId:0x8086
[2019.05.27-07.16.20:281][  0]LogD3D11RHI:    1. 'Microsoft Basic Render Driver' (Feature Level 11_0)
[2019.05.27-07.16.20:281][  0]LogD3D11RHI:       0/0/4039 MB DedicatedVideo/DedicatedSystem/SharedSystem, Outputs:0, VendorId:0x1414
[2019.05.27-07.16.20:281][  0]LogD3D11RHI: Chosen D3D11 Adapter: 0
[2019.05.27-07.16.20:298][  0]LogD3D11RHI: Creating new Direct3DDevice
[2019.05.27-07.16.20:298][  0]LogD3D11RHI:     GPU DeviceId: 0x412 (for the marketing name, search the web for "GPU Device Id")
[2019.05.27-07.16.20:298][  0]LogWindows: EnumDisplayDevices:
[2019.05.27-07.16.20:300][  0]LogWindows:    0. 'Intel(R) HD Graphics 4600' (P:1 D:1)
[2019.05.27-07.16.20:307][  0]LogWindows:    1. 'Intel(R) HD Graphics 4600' (P:0 D:0)
[2019.05.27-07.16.20:313][  0]LogWindows: DebugString: FoundDriverCount:2 
[2019.05.27-07.16.20:313][  0]LogD3D11RHI:     Adapter Name: Intel(R) HD Graphics 4600
[2019.05.27-07.16.20:313][  0]LogD3D11RHI:   Driver Version: 20.19.15.4703 (internal:20.19.15.4703, unified:20.19.15.4703)
[2019.05.27-07.16.20:313][  0]LogD3D11RHI:      Driver Date: 6-9-2017
[2019.05.27-07.16.20:313][  0]LogRHI: Texture pool is 795 MB (70% of 1136 MB)
[2019.05.27-07.16.20:358][  0]LogD3D11RHI: [IntelMetricsDiscovery] Started
[2019.05.27-07.16.20:358][  0]LogD3D11RHI: Async texture creation enabled
[2019.05.27-07.16.20:368][  0]LogD3D11RHI: GPU Timing Frequency: 12.500000 (Debug: 2 0)
[2019.05.27-07.16.25:225][  0]LogTemp: Display: Loaded TP AllDesktopTargetPlatform
[2019.05.27-07.16.25:296][  0]LogTemp: Display: Loaded TP MacClientTargetPlatform
[2019.05.27-07.16.25:341][  0]LogTemp: Display: Loaded TP MacNoEditorTargetPlatform
[2019.05.27-07.16.25:392][  0]LogTemp: Display: Loaded TP MacServerTargetPlatform
[2019.05.27-07.16.25:492][  0]LogTemp: Display: Loaded TP MacTargetPlatform
[2019.05.27-07.16.25:545][  0]LogTemp: Display: Loaded TP WindowsClientTargetPlatform
[2019.05.27-07.16.25:584][  0]LogTemp: Display: Loaded TP WindowsNoEditorTargetPlatform
[2019.05.27-07.16.25:707][  0]LogTemp: Display: Loaded TP WindowsServerTargetPlatform
[2019.05.27-07.16.25:734][  0]LogTemp: Display: Loaded TP WindowsTargetPlatform
[2019.05.27-07.16.25:965][  0]LogTemp: Display: Loaded TP AndroidTargetPlatform
[2019.05.27-07.16.25:965][  0]LogTemp: Display: Loaded TP AndroidTargetPlatform
[2019.05.27-07.16.25:965][  0]LogTemp: Display: Loaded TP AndroidTargetPlatform
[2019.05.27-07.16.25:965][  0]LogTemp: Display: Loaded TP AndroidTargetPlatform
[2019.05.27-07.16.25:965][  0]LogTemp: Display: Loaded TP AndroidTargetPlatform
[2019.05.27-07.16.25:965][  0]LogTemp: Display: Loaded TP AndroidTargetPlatform
[2019.05.27-07.16.25:965][  0]LogTemp: Display: Loaded TP AndroidTargetPlatform
[2019.05.27-07.16.25:965][  0]LogTemp: Display: Loaded TP AndroidTargetPlatform
[2019.05.27-07.16.25:965][  0]LogTemp: Display: Loaded TP AndroidTargetPlatform
[2019.05.27-07.16.25:965][  0]LogTemp: Display: Loaded TP AndroidTargetPlatform
[2019.05.27-07.16.25:965][  0]LogTemp: Display: Loaded TP AndroidTargetPlatform
[2019.05.27-07.16.25:965][  0]LogTemp: Display: Loaded TP AndroidTargetPlatform
[2019.05.27-07.16.25:965][  0]LogTemp: Display: Loaded TP AndroidTargetPlatform
[2019.05.27-07.16.25:965][  0]LogTemp: Display: Loaded TP AndroidTargetPlatform
[2019.05.27-07.16.25:965][  0]LogTemp: Display: Loaded TP AndroidTargetPlatform
[2019.05.27-07.16.25:965][  0]LogTemp: Display: Loaded TP AndroidTargetPlatform
[2019.05.27-07.16.25:965][  0]LogTemp: Display: Loaded TP AndroidTargetPlatform
[2019.05.27-07.16.25:965][  0]LogTemp: Display: Loaded TP AndroidTargetPlatform
[2019.05.27-07.16.26:024][  0]LogTemp: Display: Loaded TP HTML5TargetPlatform
[2019.05.27-07.16.26:177][  0]LogTemp: Display: Loaded TP IOSTargetPlatform
[2019.05.27-07.16.26:177][  0]LogTemp: Display: Loaded TP IOSTargetPlatform
[2019.05.27-07.16.26:257][  0]LogTemp: Display: Loaded TP TVOSTargetPlatform
[2019.05.27-07.16.26:257][  0]LogTemp: Display: Loaded TP TVOSTargetPlatform
[2019.05.27-07.16.26:302][  0]LogTemp: Display: Loaded TP LinuxClientTargetPlatform
[2019.05.27-07.16.26:362][  0]LogTemp: Display: Loaded TP LinuxNoEditorTargetPlatform
[2019.05.27-07.16.26:409][  0]LogTemp: Display: Loaded TP LinuxServerTargetPlatform
[2019.05.27-07.16.26:499][  0]LogTemp: Display: Loaded TP LinuxTargetPlatform
[2019.05.27-07.16.26:611][  0]LogTemp: Display: Loaded TP LuminTargetPlatform
[2019.05.27-07.16.26:611][  0]LogTemp: Display: Loaded TP LuminTargetPlatform
[2019.05.27-07.16.26:611][  0]LogTargetPlatformManager: Display: Building Assets For Windows
[2019.05.27-07.16.27:563][  0]LogShaderCompilers: Guid format shader working directory is -26 characters bigger than the processId version (../../../../../../Users/Radio Rentals/Documents/GitHub/platforming/Platforming/Intermediate/Shaders/WorkingDirectory/175312/).
[2019.05.27-07.16.27:564][  0]LogShaderCompilers: Cleaned the shader compiler working directory 'C:/Users/Radio Rentals/AppData/Local/Temp/UnrealShaderWorkingDir/0355325D42832C544FC8A197B3541D7D/'.
[2019.05.27-07.16.27:604][  0]LogXGEController: Cannot use XGE Controller as Incredibuild is not installed on this machine.
[2019.05.27-07.16.27:604][  0]LogShaderCompilers: Cannot use XGE Shader Compiler as Incredibuild is not installed on this machine.
[2019.05.27-07.16.27:604][  0]LogShaderCompilers: Display: Using Local Shader Compiler.
[2019.05.27-07.16.32:856][  0]LogDerivedDataCache: Display: Max Cache Size: 512 MB
[2019.05.27-07.16.34:520][  0]LogDerivedDataCache: Loaded boot cache 1.66s 71MB C:/Users/Radio Rentals/AppData/Local/UnrealEngine/4.21/DerivedDataCache/Boot.ddc.
[2019.05.27-07.16.34:520][  0]LogDerivedDataCache: Display: Loaded Boot cache: C:/Users/Radio Rentals/AppData/Local/UnrealEngine/4.21/DerivedDataCache/Boot.ddc
[2019.05.27-07.16.34:520][  0]LogDerivedDataCache: FDerivedDataBackendGraph:  Pak pak cache file ../../../../../../Users/Radio Rentals/Documents/GitHub/platforming/Platforming/DerivedDataCache/DDC.ddp not found, will not use a pak cache.
[2019.05.27-07.16.34:521][  0]LogDerivedDataCache: Unable to find inner node Pak for hierarchical cache Hierarchy.
[2019.05.27-07.16.34:521][  0]LogDerivedDataCache: FDerivedDataBackendGraph:  CompressedPak pak cache file ../../../../../../Users/Radio Rentals/Documents/GitHub/platforming/Platforming/DerivedDataCache/Compressed.ddp not found, will not use a pak cache.
[2019.05.27-07.16.34:521][  0]LogDerivedDataCache: Unable to find inner node CompressedPak for hierarchical cache Hierarchy.
[2019.05.27-07.16.34:548][  0]LogDerivedDataCache: Display: Pak cache opened for reading ../../../Engine/DerivedDataCache/Compressed.ddp.
[2019.05.27-07.16.34:548][  0]LogDerivedDataCache: FDerivedDataBackendGraph:  EnterprisePak pak cache file ../../../Enterprise/DerivedDataCache/Compressed.ddp not found, will not use a pak cache.
[2019.05.27-07.16.34:548][  0]LogDerivedDataCache: Unable to find inner node EnterprisePak for hierarchical cache Hierarchy.
[2019.05.27-07.16.34:563][  0]LogDerivedDataCache: Using Local data cache path C:/Users/Radio Rentals/AppData/Local/UnrealEngine/Common/DerivedDataCache: Writable
[2019.05.27-07.16.34:563][  0]LogDerivedDataCache: Shared data cache path not found in *engine.ini, will not use an Shared cache.
[2019.05.27-07.16.34:563][  0]LogDerivedDataCache: Unable to find inner node Shared for hierarchical cache Hierarchy.
[2019.05.27-07.16.34:601][  0]LogMaterial: Verifying Global Shaders for PCD3D_SM5
[2019.05.27-07.16.34:603][  0]LogSlate: Using FreeType 2.6.0
[2019.05.27-07.16.34:711][  0]LogSlate: SlateFontServices - WITH_FREETYPE: 1, WITH_HARFBUZZ: 1
[2019.05.27-07.16.37:262][  0]LogAssetRegistry: FAssetRegistry took 0.0457 seconds to start up
[2019.05.27-07.16.38:308][  0]LogInit: Selected Device Profile: [Windows]
[2019.05.27-07.16.39:375][  0]LogSimplygon: Simplygon DLL not present - disabling.
[2019.05.27-07.16.39:555][  0]LogMeshReduction: Using SimplygonSwarm for distributed automatic mesh merging
[2019.05.27-07.16.39:555][  0]LogMeshReduction: Using ProxyLODMeshReduction for automatic mesh merging
[2019.05.27-07.16.39:555][  0]LogMeshReduction: Using QuadricMeshReduction for automatic static mesh reduction
[2019.05.27-07.16.39:555][  0]LogMeshReduction: No automatic skeletal mesh reduction module available
[2019.05.27-07.16.39:633][  0]LogNetVersion: Platforming 1.0.0, NetCL: 4541578, EngineNetVer: 5, GameNetVer: 0 (Checksum: 1862454284)
[2019.05.27-07.16.42:492][  0]LogPackageLocalizationCache: Processed 11 localized package path(s) for 2 prioritized culture(s) in 0.731206 seconds
[2019.05.27-07.16.42:503][  0]LogUObjectArray: 39775 objects as part of root set at end of initial load.
[2019.05.27-07.16.42:503][  0]LogUObjectAllocator: 6914664 out of 0 bytes used by permanent object pool.
[2019.05.27-07.16.42:503][  0]LogUObjectArray: CloseDisregardForGC: 0/0 objects in disregard for GC pool
[2019.05.27-07.17.23:776][  0]LogTcpMessaging: Initializing TcpMessaging bridge
[2019.05.27-07.17.23:805][  0]LogUdpMessaging: Initializing bridge on interface 0.0.0.0:0 to multicast group 230.0.0.1:6666.
[2019.05.27-07.17.27:175][  0]SourceControl: Source control is disabled
[2019.05.27-07.17.27:175][  0]SourceControl: Source control is disabled
[2019.05.27-07.17.27:276][  0]SourceControl: Source control is disabled
[2019.05.27-07.17.27:288][  0]SourceControl: Source control is disabled
[2019.05.27-07.17.28:722][  0]LogAndroidPermission: UAndroidPermissionCallbackProxy::GetInstance
[2019.05.27-07.17.29:321][  0]LogOcInput: OculusInput pre-init called
[2019.05.27-07.17.29:736][  0]LogEngine: Initializing Engine...
[2019.05.27-07.17.29:739][  0]LogHMD: Failed to initialize OpenVR with code 110
[2019.05.27-07.17.29:741][  0]LogStats: UGameplayTagsManager::ConstructGameplayTagTree: ImportINI prefixes -  0.000 s
[2019.05.27-07.17.29:741][  0]LogStats: UGameplayTagsManager::ConstructGameplayTagTree: Construct from data asset -  0.000 s
[2019.05.27-07.17.29:741][  0]LogStats: UGameplayTagsManager::ConstructGameplayTagTree: ImportINI -  0.001 s
[2019.05.27-07.17.29:742][  0]LogStats: UGameplayTagsManager::ConstructGameplayTagTree: GameplayTagTreeChangedEvent.Broadcast -  0.000 s
[2019.05.27-07.17.30:320][  0]LogInit: Initializing FReadOnlyCVARCache
[2019.05.27-07.17.30:540][  0]LogAIModule: Creating AISystem for world Untitled
[2019.05.27-07.17.30:684][  0]LogInit: XAudio2 using 'Speakers (Realtek High Definition Audio)' : 2 channels at 48 kHz using 32 bits per sample (channel mask 0x3)
[2019.05.27-07.17.30:952][  0]LogInit: FAudioDevice initialized.
[2019.05.27-07.17.30:952][  0]LogNetVersion: Set ProjectVersion to 1.0.0.0. Version Checksum will be recalculated on next use.
[2019.05.27-07.17.31:311][  0]LogDerivedDataCache: Saved boot cache 0.36s 71MB C:/Users/Radio Rentals/AppData/Local/UnrealEngine/4.21/DerivedDataCache/Boot.ddc.
[2019.05.27-07.17.31:335][  0]LogInit: Texture streaming: Enabled
[2019.05.27-07.17.31:503][  0]LogEngineSessionManager: EngineSessionManager initialized
[2019.05.27-07.17.31:645][  0]LogInit: Transaction tracking system initialized
[2019.05.27-07.17.31:852][  0]BlueprintLog: New page: Editor Load
[2019.05.27-07.17.34:941][  0]LocalizationService: Localization service is disabled
[2019.05.27-07.17.39:523][  0]LogFileCache: Scanning file cache for directory 'C:/Users/Radio Rentals/Documents/GitHub/platforming/Platforming/Content/' took 0.08s
[2019.05.27-07.17.39:523][  0]LogCook: Display: Max memory allowance for cook 16384mb min free memory 0mb
[2019.05.27-07.17.39:523][  0]LogCook: Display: Mobile HDR setting 1
[2019.05.27-07.17.39:555][  0]LogGameplayTags: Display: UGameplayTagsManager::DoneAddingNativeTags. DelegateIsBound: 0
[2019.05.27-07.17.39:555][  0]LogStats: UGameplayTagsManager::ConstructGameplayTagTree: ImportINI prefixes -  0.000 s
[2019.05.27-07.17.39:555][  0]LogStats: UGameplayTagsManager::ConstructGameplayTagTree: Construct from data asset -  0.000 s
[2019.05.27-07.17.39:556][  0]LogStats: UGameplayTagsManager::ConstructGameplayTagTree: ImportINI -  0.001 s
[2019.05.27-07.17.39:556][  0]LogStats: UGameplayTagsManager::ConstructGameplayTagTree: GameplayTagTreeChangedEvent.Broadcast -  0.000 s
[2019.05.27-07.17.44:031][  0]SourceControl: Source control is disabled
[2019.05.27-07.17.44:050][  0]Cmd: MAP LOAD FILE="../../../../../../Users/Radio Rentals/Documents/GitHub/platforming/Platforming/Content/_MyContent/Maps/Level_1.umap" TEMPLATE=0 SHOWPROGRESS=1 FEATURELEVEL=3
[2019.05.27-07.17.44:052][  0]LightingResults: New page: Lighting Build
[2019.05.27-07.17.44:132][  0]MapCheck: New page: Map Check
[2019.05.27-07.17.44:132][  0]LightingResults: New page: Lighting Build
[2019.05.27-07.17.56:097][  0]LogAIModule: Creating AISystem for world Level_1
[2019.05.27-07.18.29:918][  0]LogEditorServer: Finished looking for orphan Actors (0.000 secs)
[2019.05.27-07.18.29:974][  0]Cmd: MAP CHECKDEP NOCLEARLOG
[2019.05.27-07.18.29:975][  0]MapCheck: Map check complete: 0 Error(s), 0 Warning(s), took 0.657ms to complete.
[2019.05.27-07.18.29:975][  0]LogFileHelpers: Loading map 'Level_1' took 45.925
[2019.05.27-07.18.31:554][  0]LogSlate: Updating window title bar state: overlay mode, drag disabled, window buttons hidden, title bar hidden
[2019.05.27-07.18.31:630][  0]LogSlate: Updating window title bar state: overlay mode, drag disabled, window buttons hidden, title bar hidden
[2019.05.27-07.18.31:641][  0]LogSlate: Updating window title bar state: overlay mode, drag disabled, window buttons hidden, title bar hidden
[2019.05.27-07.18.31:652][  0]LogSlate: Updating window title bar state: overlay mode, drag disabled, window buttons hidden, title bar hidden
[2019.05.27-07.18.31:795][  0]LogCollectionManager: Loaded 0 collections in 0.006571 seconds
[2019.05.27-07.18.31:972][  0]LogFileCache: Scanning file cache for directory 'C:/Users/Radio Rentals/Documents/GitHub/platforming/Platforming/Saved/Collections/' took 0.01s
[2019.05.27-07.18.31:972][  0]LogFileCache: Scanning file cache for directory 'C:/Users/Radio Rentals/Documents/GitHub/platforming/Platforming/Content/Developers/RadioRentals/Collections/' took 0.01s
[2019.05.27-07.18.31:972][  0]LogFileCache: Scanning file cache for directory 'C:/Users/Radio Rentals/Documents/GitHub/platforming/Platforming/Content/Collections/' took 0.01s
[2019.05.27-07.18.31:972][  0]LogCollectionManager: Rebuilt the GUID cache for 0 collections in 0.000000 seconds
[2019.05.27-07.18.31:988][  0]LogContentBrowser: Native class hierarchy populated in 0.0142 seconds. Added 2651 classes and 620 folders.
[2019.05.27-07.18.32:132][  0]LogContentBrowser: Native class hierarchy updated for 'WidgetCarousel' in 0.0006 seconds. Added 0 classes and 0 folders.
[2019.05.27-07.18.32:223][  0]LogPakFile: Registered encryption key '00000000000000000000000000000000': 0 pak files mounted, 0 remain pending
[2019.05.27-07.18.32:291][  0]LogPakFile: Registered encryption key '00000000000000000000000000000000': 0 pak files mounted, 0 remain pending
[2019.05.27-07.18.32:309][  0]LogPakFile: Registered encryption key '00000000000000000000000000000000': 0 pak files mounted, 0 remain pending
[2019.05.27-07.18.32:354][  0]LogPakFile: Registered encryption key '00000000000000000000000000000000': 0 pak files mounted, 0 remain pending
[2019.05.27-07.18.32:372][  0]LogPakFile: Registered encryption key '00000000000000000000000000000000': 0 pak files mounted, 0 remain pending
[2019.05.27-07.18.32:406][  0]LogPakFile: Registered encryption key '00000000000000000000000000000000': 0 pak files mounted, 0 remain pending
[2019.05.27-07.18.32:431][  0]LogPakFile: Registered encryption key '00000000000000000000000000000000': 0 pak files mounted, 0 remain pending
[2019.05.27-07.18.32:471][  0]LogPakFile: Registered encryption key '00000000000000000000000000000000': 0 pak files mounted, 0 remain pending
[2019.05.27-07.18.32:502][  0]LogPakFile: Registered encryption key '00000000000000000000000000000000': 0 pak files mounted, 0 remain pending
[2019.05.27-07.18.32:551][  0]LogPakFile: Registered encryption key '00000000000000000000000000000000': 0 pak files mounted, 0 remain pending
[2019.05.27-07.18.32:573][  0]LogPakFile: Registered encryption key '00000000000000000000000000000000': 0 pak files mounted, 0 remain pending
[2019.05.27-07.18.32:606][  0]LogPakFile: Registered encryption key '00000000000000000000000000000000': 0 pak files mounted, 0 remain pending
[2019.05.27-07.18.32:629][  0]LogPakFile: Registered encryption key '00000000000000000000000000000000': 0 pak files mounted, 0 remain pending
[2019.05.27-07.18.32:654][  0]LogPakFile: Registered encryption key '00000000000000000000000000000000': 0 pak files mounted, 0 remain pending
[2019.05.27-07.18.32:668][  0]LogPakFile: Registered encryption key '00000000000000000000000000000000': 0 pak files mounted, 0 remain pending
[2019.05.27-07.18.32:692][  0]LogPakFile: Registered encryption key '00000000000000000000000000000000': 0 pak files mounted, 0 remain pending
[2019.05.27-07.18.32:703][  0]LogPakFile: Registered encryption key '00000000000000000000000000000000': 0 pak files mounted, 0 remain pending
[2019.05.27-07.18.32:728][  0]LogPakFile: Registered encryption key '00000000000000000000000000000000': 0 pak files mounted, 0 remain pending
[2019.05.27-07.18.32:752][  0]LogPakFile: Registered encryption key '00000000000000000000000000000000': 0 pak files mounted, 0 remain pending
[2019.05.27-07.18.32:765][  0]LogPakFile: Registered encryption key '00000000000000000000000000000000': 0 pak files mounted, 0 remain pending
[2019.05.27-07.18.32:786][  0]LogPakFile: Registered encryption key '00000000000000000000000000000000': 0 pak files mounted, 0 remain pending
[2019.05.27-07.18.32:798][  0]LogPakFile: Registered encryption key '00000000000000000000000000000000': 0 pak files mounted, 0 remain pending
[2019.05.27-07.18.32:836][  0]LogPakFile: Registered encryption key '00000000000000000000000000000000': 0 pak files mounted, 0 remain pending
[2019.05.27-07.18.32:871][  0]LogPakFile: Registered encryption key '00000000000000000000000000000000': 0 pak files mounted, 0 remain pending
[2019.05.27-07.18.32:886][  0]LogPakFile: Registered encryption key '00000000000000000000000000000000': 0 pak files mounted, 0 remain pending
[2019.05.27-07.18.32:900][  0]LogPakFile: Registered encryption key '00000000000000000000000000000000': 0 pak files mounted, 0 remain pending
[2019.05.27-07.18.34:709][  0]LogContentBrowser: Native class hierarchy updated for 'AddContentDialog' in 0.0006 seconds. Added 0 classes and 0 folders.
[2019.05.27-07.18.34:798][  0]LogContentBrowser: Native class hierarchy updated for 'SceneOutliner' in 0.0009 seconds. Added 1 classes and 2 folders.
[2019.05.27-07.18.35:695][  0]LogSlate: Took 0.013666 seconds to synchronously load lazily loaded font '../../../Engine/Content/Slate/Fonts/Roboto-Regular.ttf' (155K)
[2019.05.27-07.18.35:709][  0]LogSlate: Took 0.010656 seconds to synchronously load lazily loaded font '../../../Engine/Content/Slate/Fonts/Roboto-Bold.ttf' (160K)
[2019.05.27-07.18.35:788][  0]LogSlate: Took 0.018926 seconds to synchronously load lazily loaded font '../../../Engine/Content/Editor/Slate/Fonts/FontAwesome.ttf' (139K)
[2019.05.27-07.18.36:676][  0]LogRenderer: Reallocating scene render targets to support 1208x576 Format 9 NumSamples 1 (Frame:1).
[2019.05.27-07.18.38:355][  0]LogContentBrowser: Native class hierarchy updated for 'HierarchicalLODOutliner' in 0.0008 seconds. Added 0 classes and 0 folders.
[2019.05.27-07.18.38:355][  0]LogLoad: (Engine Initialization) Total time: 216.48 seconds
[2019.05.27-07.18.38:355][  0]LogLoad: (Engine Initialization) Total Blueprint compile time: 0.00 seconds
[2019.05.27-07.18.38:547][  0]LogContentStreaming: Texture pool size now 400 MB
[2019.05.27-07.18.38:941][  0]LogSlate: Took 0.038393 seconds to synchronously load lazily loaded font '../../../Engine/Content/Slate/Fonts/Roboto-Light.ttf' (167K)
[2019.05.27-07.18.39:940][  3]LogSlate: Took 0.000808 seconds to synchronously load lazily loaded font '../../../Engine/Content/Slate/Fonts/Roboto-Light.ttf' (167K)
[2019.05.27-07.18.39:995][  4]LogAssetRegistry: Asset discovery search completed in 122.7566 seconds
[2019.05.27-07.18.39:999][  4]LogCollectionManager: Rebuilt the object cache for 0 collections in 0.000000 seconds (found 0 objects)
[2019.05.27-07.18.39:999][  4]LogCollectionManager: Fixed up redirectors for 0 collections in 0.000072 seconds (updated 0 objects)
[2019.05.27-07.21.54:000][747]LogEditorViewport: Clicking on Actor (LMB): StaticMeshActor (Cylinder)
[2019.05.27-07.21.55:761][748]LogEditorViewport: Clicking on Actor (LMB): StaticMeshActor (Cylinder)
[2019.05.27-07.21.58:182][786]LogSlate: FSceneViewport::OnFocusLost() reason 0
[2019.05.27-07.22.05:253][906]LogSlate: Window 'Select Path' being destroyed
[2019.05.27-07.22.05:708][906]LogAssetEditorManager: Opening Asset editor for Blueprint /Game/_MyContent/Blueprints/Cylinder_Blueprint.Cylinder_Blueprint
[2019.05.27-07.22.07:461][906]LogContentBrowser: Native class hierarchy updated for 'BlueprintGraph' in 0.0092 seconds. Added 117 classes and 0 folders.
[2019.05.27-07.22.26:796][ 91]LogSlate: Took 0.022126 seconds to synchronously load lazily loaded font '../../../Engine/Content/Slate/Fonts/Roboto-Italic.ttf' (157K)
[2019.05.27-07.22.45:240][518]LogEditorTransaction: Undo Add Component
[2019.05.27-07.22.46:789][547]LogSlate: FSceneViewport::OnFocusLost() reason 2
[2019.05.27-07.22.53:361][772]LogSlate: FSceneViewport::OnFocusLost() reason 2
[2019.05.27-07.23.11:204][  3]LogSlate: FSceneViewport::OnFocusLost() reason 0
[2019.05.27-07.23.15:733][ 63]LogSlate: FSceneViewport::OnFocusLost() reason 0
[2019.05.27-07.23.22:280][149]LogSlate: FSceneViewport::OnFocusLost() reason 0
[2019.05.27-07.23.31:905][274]LogSlate: FSceneViewport::OnFocusLost() reason 0
[2019.05.27-07.23.46:940][463]LogSlate: FSceneViewport::OnFocusLost() reason 2
[2019.05.27-07.23.48:728][504]LogSlate: FSceneViewport::OnFocusLost() reason 2
[2019.05.27-07.23.48:732][504]LogAssetEditorManager: Opening Asset editor for LevelScriptBlueprint /Game/_MyContent/Maps/Level_1.Level_1:PersistentLevel.Level_1
[2019.05.27-07.23.49:322][504]LogSlate: Took 0.010034 seconds to synchronously load lazily loaded font '../../../Engine/Content/Slate/Fonts/Roboto-BoldCondensed.ttf' (158K)
[2019.05.27-07.23.55:462][589]LogRenderer: Reallocating scene render targets to support 1212x712 Format 9 NumSamples 1 (Frame:1018).
[2019.05.27-07.23.56:294][631]LogSlate: Window 'Cylinder_Blueprint*' being destroyed
[2019.05.27-07.25.02:453][759]LogSlate: FSceneViewport::OnFocusLost() reason 0
[2019.05.27-07.25.18:289][ 38]LogSlate: FSceneViewport::OnFocusLost() reason 0
[2019.05.27-07.25.24:218][143]LogSlate: FSceneViewport::OnFocusLost() reason 0
[2019.05.27-07.25.34:608][322]LogSlate: FSceneViewport::OnFocusLost() reason 0
[2019.05.27-07.25.34:838][328]LogActorFactory: Actor Factory created Cube
[2019.05.27-07.25.36:920][363]LogActorFactory: Actor Factory created Cube
[2019.05.27-07.25.38:160][384]LogSlate: FSceneViewport::OnFocusLost() reason 0
[2019.05.27-07.25.45:593][514]LogSlate: FSceneViewport::OnFocusLost() reason 0
[2019.05.27-07.25.50:113][592]LogSlate: FSceneViewport::OnFocusLost() reason 0
[2019.05.27-07.26.07:272][892]LogSlate: FSceneViewport::OnFocusLost() reason 0
[2019.05.27-07.26.07:399][893]LogActorFactory: Actor Factory created Cube
[2019.05.27-07.26.08:597][913]LogActorFactory: Actor Factory created Cube
[2019.05.27-07.26.21:520][135]LogEditorViewport: Clicking on Actor (context menu): Landscape (Landscape1)
[2019.05.27-07.26.21:956][135]LogSlate: FSceneViewport::OnFocusLost() reason 2
[2019.05.27-07.26.21:972][135]LogEditorViewport: Clicking on Actor (LMB): Landscape (Landscape1)
[2019.05.27-07.26.23:709][161]LogEditorViewport: Clicking on Actor (LMB): StaticMeshActor (Cube2)
[2019.05.27-07.26.25:822][196]LogEditorViewport: Clicking on Actor (context menu): StaticMeshActor (Cube2)
[2019.05.27-07.26.25:961][196]LogSlate: FSceneViewport::OnFocusLost() reason 2
[2019.05.27-07.26.29:436][328]LogEditorViewport: Clicking on Actor (LMB): Landscape (Landscape1)
[2019.05.27-07.26.30:403][341]LogSlate: FSceneViewport::OnFocusLost() reason 0
[2019.05.27-07.26.30:587][343]LogActorFactory: Actor Factory created Cube
[2019.05.27-07.26.31:812][361]LogActorFactory: Actor Factory created Cube
[2019.05.27-07.26.41:510][518]LogSlate: FSceneViewport::OnFocusLost() reason 0
[2019.05.27-07.26.41:656][519]LogActorFactory: Actor Factory created Cube
[2019.05.27-07.26.42:548][533]LogActorFactory: Actor Factory created Cube
[2019.05.27-07.26.44:327][564]LogSlate: FSceneViewport::OnFocusLost() reason 0
[2019.05.27-07.26.51:100][683]Cmd: TRANSACTION UNDO
[2019.05.27-07.26.51:100][683]LogEditorTransaction: Undo Scale Actors
[2019.05.27-07.27.01:440][879]LogSlate: FSceneViewport::OnFocusLost() reason 0
[2019.05.27-07.27.01:526][881]LogTemp: Repeating last play command: New Editor Window (PIE)
[2019.05.27-07.27.01:607][881]LogBlueprintUserMessages: Early PlayInEditor Detection: Level '/Game/_MyContent/Maps/Level_1.Level_1:PersistentLevel' has LevelScriptBlueprint '/Game/_MyContent/Maps/Level_1.Level_1:PersistentLevel.Level_1' with GeneratedClass '/Game/_MyContent/Maps/Level_1.Level_1_C' with ClassGeneratedBy '/Game/_MyContent/Maps/Level_1.Level_1:PersistentLevel.Level_1'
[2019.05.27-07.27.01:640][881]BlueprintLog: New page: Pre-Play auto-recompile
[2019.05.27-07.27.01:644][881]LogPlayLevel: [PlayLevel] Compiling Cylinder_Blueprint before play...
[2019.05.27-07.27.02:493][881]LogPlayLevel: [PlayLevel] Compiling Level_1 before play...
[2019.05.27-07.27.02:833][881]LogPlayLevel: PlayLevel: Blueprint regeneration took 1192 ms (2 blueprints)
[2019.05.27-07.27.03:078][881]PIE: New page: PIE session: Level_1 (28 May 2019 3:27:02 am)
[2019.05.27-07.27.03:156][881]LogPlayLevel: Creating play world package: /Game/_MyContent/Maps/UEDPIE_0_Level_1
[2019.05.27-07.27.03:519][881]LogPlayLevel: PIE: StaticDuplicateObject took: (0.362212s)
[2019.05.27-07.27.03:520][881]LogAIModule: Creating AISystem for world Level_1
[2019.05.27-07.27.03:537][881]LogPlayLevel: PIE: World Init took: (0.017310s)
[2019.05.27-07.27.03:537][881]LogPlayLevel: PIE: Created PIE world by copying editor world from /Game/_MyContent/Maps/Level_1.Level_1 to /Game/_MyContent/Maps/UEDPIE_0_Level_1.Level_1 (0.380806s)
[2019.05.27-07.27.03:786][881]LogInit: XAudio2 using 'Speakers (Realtek High Definition Audio)' : 2 channels at 48 kHz using 32 bits per sample (channel mask 0x3)
[2019.05.27-07.27.03:946][881]LogInit: FAudioDevice initialized.
[2019.05.27-07.27.04:373][881]LogSlate: Updating window title bar state: overlay mode, drag disabled, window buttons hidden, title bar hidden
[2019.05.27-07.27.04:485][881]LogLoad: Game class is 'MyGameMode_C'
[2019.05.27-07.27.04:686][881]LogWorld: Bringing World /Game/_MyContent/Maps/UEDPIE_0_Level_1.Level_1 up for play (max tick rate 0) at 2019.05.27-17.27.04
[2019.05.27-07.27.04:742][881]LogWorld: Bringing up level for play took: 0.126345
[2019.05.27-07.27.05:021][881]LogContentBrowser: Native class hierarchy updated for 'MovieSceneCapture' in 0.0008 seconds. Added 20 classes and 0 folders.
[2019.05.27-07.27.05:572][881]PIE: Play in editor start time for /Game/_MyContent/Maps/UEDPIE_0_Level_1 3.39
[2019.05.27-07.27.05:585][881]LogBlueprintUserMessages: Late PlayInEditor Detection: Level '/Game/_MyContent/Maps/Level_1.Level_1:PersistentLevel' has LevelScriptBlueprint '/Game/_MyContent/Maps/Level_1.Level_1:PersistentLevel.Level_1' with GeneratedClass '/Game/_MyContent/Maps/Level_1.Level_1_C' with ClassGeneratedBy '/Game/_MyContent/Maps/Level_1.Level_1:PersistentLevel.Level_1'
[2019.05.27-07.27.19:128][221]LogSlate: FSceneViewport::OnFocusLost() reason 0
[2019.05.27-07.27.19:399][223]LogSlate: Updating window title bar state: overlay mode, drag disabled, window buttons hidden, title bar hidden
[2019.05.27-07.27.19:432][223]LogBlueprintUserMessages: Early EndPlayMap Detection: Level '/Game/_MyContent/Maps/Level_1.Level_1:PersistentLevel' has LevelScriptBlueprint '/Game/_MyContent/Maps/Level_1.Level_1:PersistentLevel.Level_1' with GeneratedClass '/Game/_MyContent/Maps/Level_1.Level_1_C' with ClassGeneratedBy '/Game/_MyContent/Maps/Level_1.Level_1:PersistentLevel.Level_1'
[2019.05.27-07.27.19:582][223]LogSlate: Window 'Platforming Game Preview Standalone (64-bit/PCD3D_SM5)' being destroyed
[2019.05.27-07.27.20:285][223]LogPlayLevel: Display: Shutting down PIE online subsystems
[2019.05.27-07.27.20:382][223]LogBlueprintUserMessages: Late EndPlayMap Detection: Level '/Game/_MyContent/Maps/Level_1.Level_1:PersistentLevel' has LevelScriptBlueprint '/Game/_MyContent/Maps/Level_1.Level_1:PersistentLevel.Level_1' with GeneratedClass '/Game/_MyContent/Maps/Level_1.Level_1_C' with ClassGeneratedBy '/Game/_MyContent/Maps/Level_1.Level_1:PersistentLevel.Level_1'
[2019.05.27-07.27.20:952][224]LogPlayLevel: Display: Destroying online subsystem :Context_7
[2019.05.27-07.27.25:268][287]LogEditorViewport: Clicking on Actor (LMB): StaticMeshActor (Cube4)
[2019.05.27-07.27.32:060][401]LogEditorViewport: Clicking on Actor (LMB): StaticMeshActor (Cube3)
[2019.05.27-07.27.32:372][403]Cmd: DELETE
[2019.05.27-07.27.32:372][403]Cmd: ACTOR DELETE
[2019.05.27-07.27.32:897][403]LogEditorActor: Deleted Actor: StaticMeshActor
[2019.05.27-07.27.32:974][403]LogEditorActor: Deleted 1 Actors (0.239 secs)
[2019.05.27-07.27.33:550][415]LogEditorViewport: Clicking on Actor (LMB): StaticMeshActor (Cube)
[2019.05.27-07.27.33:785][416]Cmd: DELETE
[2019.05.27-07.27.33:785][416]Cmd: ACTOR DELETE
[2019.05.27-07.27.33:883][416]LogEditorActor: Deleted Actor: StaticMeshActor
[2019.05.27-07.27.33:930][416]LogEditorActor: Deleted 1 Actors (0.144 secs)
[2019.05.27-07.27.34:831][433]LogEditorViewport: Clicking on Actor (LMB): StaticMeshActor (Cube2)
[2019.05.27-07.27.34:951][433]Cmd: DELETE
[2019.05.27-07.27.34:951][433]Cmd: ACTOR DELETE
[2019.05.27-07.27.35:044][433]LogEditorActor: Deleted Actor: StaticMeshActor
[2019.05.27-07.27.35:092][433]LogEditorActor: Deleted 1 Actors (0.141 secs)
[2019.05.27-07.27.35:968][451]LogEditorViewport: Clicking on Actor (LMB): StaticMeshActor (Cube4)
[2019.05.27-07.27.37:884][482]LogSlate: FSceneViewport::OnFocusLost() reason 0
[2019.05.27-07.27.50:563][786]Cmd: EDIT COPY
[2019.05.27-07.27.51:761][804]Cmd: EDIT PASTE
[2019.05.27-07.27.59:297][932]Cmd: EDIT PASTE
[2019.05.27-07.28.03:351][  0]LogSlate: FSceneViewport::OnFocusLost() reason 0
[2019.05.27-07.28.07:809][ 76]LogSlate: FSceneViewport::OnFocusLost() reason 0
[2019.05.27-07.28.12:332][154]Cmd: EDIT PASTE
[2019.05.27-07.28.16:375][221]LogSlate: FSceneViewport::OnFocusLost() reason 0
[2019.05.27-07.28.23:940][353]LogSlate: FSceneViewport::OnFocusLost() reason 0
[2019.05.27-07.28.44:981][712]LogEditorViewport: Clicking on Actor (LMB): StaticMeshActor (Wall2)
[2019.05.27-07.28.56:214][899]Cmd: EDIT PASTE
[2019.05.27-07.29.06:896][ 78]LogEditorViewport: Clicking on Actor (LMB): StaticMeshActor (Wall4)
[2019.05.27-07.29.10:145][134]LogSlate: FSceneViewport::OnFocusLost() reason 0
[2019.05.27-07.29.14:274][205]LogEditorViewport: Clicking on Actor (LMB): StaticMeshActor (Wall3)
[2019.05.27-07.29.18:827][282]LogSlate: FSceneViewport::OnFocusLost() reason 0
[2019.05.27-07.29.22:443][343]LogEditorViewport: Clicking on Actor (LMB): StaticMeshActor (Wall3)
[2019.05.27-07.29.23:340][358]LogEditorViewport: Clicking on Actor (LMB): StaticMeshActor (Wall4)
[2019.05.27-07.29.27:199][422]LogEditorViewport: Clicking on Actor (LMB): StaticMeshActor (Wall3)
[2019.05.27-07.29.28:315][438]LogEditorViewport: Clicking on Actor (LMB): StaticMeshActor (Wall5)
[2019.05.27-07.29.29:404][457]Cmd: EDIT PASTE
[2019.05.27-07.29.35:691][563]LogEditorViewport: Clicking on Actor (LMB): StaticMeshActor (Wall5)
[2019.05.27-07.29.40:005][633]LogEditorViewport: Clicking on Actor (LMB): Landscape (Landscape1)
[2019.05.27-07.29.48:237][761]LogSlate: FSceneViewport::OnFocusLost() reason 0
[2019.05.27-07.30.36:702][  3]LogSlate: FSceneViewport::OnFocusLost() reason 0
[2019.05.27-07.30.39:576][ 51]LogEditorViewport: Clicking on Actor (LMB): StaticMeshActor (Wall1)
[2019.05.27-07.31.09:214][278]LogEditorViewport: Clicking on Actor (LMB): StaticMeshActor (Cylinder3)
[2019.05.27-07.31.10:007][290]Cmd: DELETE
[2019.05.27-07.31.10:008][290]Cmd: ACTOR DELETE
[2019.05.27-07.31.10:142][290]LogEditorActor: Deleted Actor: StaticMeshActor
[2019.05.27-07.31.10:197][290]LogEditorActor: Deleted 1 Actors (0.190 secs)
[2019.05.27-07.31.23:506][501]LogSlate: FSceneViewport::OnFocusLost() reason 0
[2019.05.27-07.34.31:454][139]LogSlate: FSceneViewport::OnFocusLost() reason 2
[2019.05.27-07.34.36:612][249]LogContentBrowser: Native class hierarchy updated for 'Matinee' in 0.0007 seconds. Added 15 classes and 2 folders.
[2019.05.27-07.34.36:618][249]LogInit: Transaction tracking system initialized
[2019.05.27-07.34.36:674][249]EditorErrors: New page: Matinee Initialization
[2019.05.27-07.34.39:687][366]LogSlate: FSceneViewport::OnFocusLost() reason 0
[2019.05.27-07.35.25:763][114]LogSlate: Window 'Message' being destroyed
[2019.05.27-07.35.32:825][211]LogSlate: FSceneViewport::OnFocusLost() reason 0
[2019.05.27-07.35.47:012][402]LogEditorViewport: Clicking on Actor (LMB): StaticMeshActor (Wall6)
[2019.05.27-07.35.50:543][448]LogSlate: FSceneViewport::OnFocusLost() reason 0
[2019.05.27-07.38.57:286][217]LogEditorTransaction: Undo Move Loop Start Marker
[2019.05.27-07.39.15:154][588]LogSlate: FSceneViewport::OnFocusLost() reason 0
[2019.05.27-07.39.16:178][606]LogEditorViewport: Clicking on Actor (LMB): StaticMeshActor (Wall6)
[2019.05.27-07.39.17:104][619]LogSlate: FSceneViewport::OnFocusLost() reason 0
[2019.05.27-07.39.44:798][804]LogSlate: FSceneViewport::OnFocusLost() reason 0
[2019.05.27-07.39.52:839][979]Cmd: TRANSACTION UNDO
[2019.05.27-07.39.52:839][979]LogEditorTransaction: Undo NewTrack
[2019.05.27-07.39.53:157][986]Cmd: TRANSACTION UNDO
[2019.05.27-07.39.53:158][986]LogEditorTransaction: Undo New Group
[2019.05.27-07.39.54:998][ 43]LogSlate: FSceneViewport::OnFocusLost() reason 0
[2019.05.27-07.39.55:792][ 56]LogEditorViewport: Clicking on Actor (LMB): StaticMeshActor (Wall5)
[2019.05.27-07.39.56:856][ 69]LogEditorViewport: Clicking on Actor (LMB): StaticMeshActor (Wall6)
[2019.05.27-07.39.57:717][ 80]LogSlate: FSceneViewport::OnFocusLost() reason 0
[2019.05.27-07.40.21:445][ 73]LogEditorTransaction: Undo Move Loop Start Marker
[2019.05.27-07.40.22:756][106]LogSlate: FSceneViewport::OnFocusLost() reason 0
[2019.05.27-07.40.34:239][504]LogSlate: FSceneViewport::OnFocusLost() reason 0
[2019.05.27-07.40.38:174][585]Cmd: TRANSACTION UNDO
[2019.05.27-07.40.38:174][585]LogEditorTransaction: Undo NewTrack
[2019.05.27-07.40.44:029][705]Cmd: TRANSACTION UNDO
[2019.05.27-07.40.44:029][705]LogEditorTransaction: Undo New Group
[2019.05.27-07.40.45:555][726]LogEditorViewport: Clicking on Actor (LMB): Landscape (Landscape1)
[2019.05.27-07.40.47:758][754]LogSlate: FSceneViewport::OnFocusLost() reason 2
[2019.05.27-07.40.53:353][981]LogSlate: FSceneViewport::OnFocusLost() reason 2
[2019.05.27-07.40.53:539][988]LogSlate: FSceneViewport::OnFocusLost() reason 2
[2019.05.27-07.41.03:169][355]LogEditorTransaction: Undo Move Loop Start Marker
[2019.05.27-07.41.04:920][418]LogSlate: FSceneViewport::OnFocusLost() reason 0
[2019.05.27-07.41.05:723][432]LogEditorViewport: Clicking on Actor (LMB): StaticMeshActor (Wall6)
[2019.05.27-07.41.06:720][444]LogSlate: FSceneViewport::OnFocusLost() reason 0
[2019.05.27-07.41.13:434][677]LogSlate: FSceneViewport::OnFocusLost() reason 0
[2019.05.27-07.41.17:975][752]LogSlate: FSceneViewport::OnFocusLost() reason 0
[2019.05.27-07.41.52:202][948]LogSlate: FSceneViewport::OnFocusLost() reason 0
[2019.05.27-07.42.02:270][236]Cmd: TRANSACTION UNDO
[2019.05.27-07.42.02:270][236]LogEditorTransaction: Undo Move Loop Start Marker
[2019.05.27-07.42.02:544][240]Cmd: TRANSACTION UNDO
[2019.05.27-07.42.02:544][240]LogEditorTransaction: Undo Move Loop Start Marker
[2019.05.27-07.42.08:067][319]LogEditorViewport: Clicking on Actor (LMB): Landscape (Landscape1)
[2019.05.27-07.42.09:489][336]LogSlate: FSceneViewport::OnFocusLost() reason 2
[2019.05.27-07.42.10:957][399]Cmd: TRANSACTION REDO
[2019.05.27-07.42.10:957][399]LogEditorTransaction: Redo Move Loop Start Marker
[2019.05.27-07.42.11:646][408]LogSlate: FSceneViewport::OnFocusLost() reason 2
[2019.05.27-07.42.13:759][493]LogSlate: FSceneViewport::OnFocusLost() reason 2
[2019.05.27-07.42.16:041][524]LogSlate: Window 'Undo History' being destroyed
[2019.05.27-07.42.16:069][524]LogSlate: Window 'Undo History' being destroyed
[2019.05.27-07.42.18:253][552]LogEditorViewport: Clicking on Actor (context menu): BP_Sky_Sphere_C (Sky Sphere)
[2019.05.27-07.42.18:408][552]LogSlate: FSceneViewport::OnFocusLost() reason 2
[2019.05.27-07.42.19:053][569]LogEditorViewport: Clicking on Actor (LMB): StaticMeshActor (Wall6)
[2019.05.27-07.42.21:842][605]LogSlate: FSceneViewport::OnFocusLost() reason 0
[2019.05.27-07.42.36:335][798]LogSlate: FSceneViewport::OnFocusLost() reason 0
[2019.05.27-07.42.47:336][ 67]LogSlate: FSceneViewport::OnFocusLost() reason 0
[2019.05.27-07.43.22:232][856]LogSlate: FSceneViewport::OnFocusLost() reason 2
[2019.05.27-07.43.48:435][  0]LogSlate: FSceneViewport::OnFocusLost() reason 2
[2019.05.27-07.44.26:181][572]LogEditorViewport: Clicking on Actor (LMB): StaticMeshActor (Wall5)
[2019.05.27-07.44.28:057][595]LogEditorViewport: Clicking on Actor (LMB): StaticMeshActor (Wall6)
[2019.05.27-07.44.34:686][690]LogSlate: FSceneViewport::OnFocusLost() reason 0
[2019.05.27-07.44.39:857][837]Cmd: TRANSACTION UNDO
[2019.05.27-07.44.39:857][837]LogEditorTransaction: Undo NewTrack
[2019.05.27-07.44.40:475][847]Cmd: TRANSACTION UNDO
[2019.05.27-07.44.40:476][847]LogEditorTransaction: Undo New Group
[2019.05.27-07.44.40:909][854]Cmd: TRANSACTION UNDO
[2019.05.27-07.44.40:909][854]LogEditorTransaction: Undo Move Loop Start Marker
[2019.05.27-07.44.43:044][912]Cmd: TRANSACTION UNDO
[2019.05.27-07.44.43:044][912]LogEditorTransaction: Undo Move Loop Start Marker
[2019.05.27-07.44.45:423][985]LogEditorViewport: Clicking on Actor (LMB): StaticMeshActor (Wall6)
[2019.05.27-07.44.46:224][995]LogEditorViewport: Clicking on Actor (LMB): StaticMeshActor (Wall6)
[2019.05.27-07.44.51:547][ 69]LogSlate: FSceneViewport::OnFocusLost() reason 0
[2019.05.27-07.45.13:306][152]LogSlate: FSceneViewport::OnFocusLost() reason 0
[2019.05.27-07.45.17:153][208]LogSlate: FSceneViewport::OnFocusLost() reason 0
[2019.05.27-07.45.35:227][446]LogSlate: FSceneViewport::OnFocusLost() reason 0
[2019.05.27-07.45.39:367][576]LogEditorTransaction: Undo Move Loop End Marker
[2019.05.27-07.45.39:872][595]LogEditorTransaction: Undo NewTrack
[2019.05.27-07.45.40:450][617]LogEditorTransaction: Undo New Group
[2019.05.27-07.45.49:862][792]LogSlate: FSceneViewport::OnFocusLost() reason 0
[2019.05.27-07.45.53:698][849]LogSlate: FSceneViewport::OnFocusLost() reason 0
[2019.05.27-07.45.57:644][906]LogSlate: FSceneViewport::OnFocusLost() reason 0
[2019.05.27-07.46.06:334][ 40]LogEditorViewport: Clicking on Actor (CTRL LMB): Landscape (Landscape1)
[2019.05.27-07.46.08:196][ 62]LogSlate: FSceneViewport::OnFocusLost() reason 2
[2019.05.27-07.46.10:184][148]LogSlate: FSceneViewport::OnFocusLost() reason 2
[2019.05.27-07.46.10:860][173]LogEditorViewport: Clicking on Actor (LMB): StaticMeshActor (Wall6)
[2019.05.27-07.46.12:781][201]LogSlate: FSceneViewport::OnFocusLost() reason 0
[2019.05.27-07.46.28:424][127]LogSlate: FSceneViewport::OnFocusLost() reason 0
[2019.05.27-07.46.34:256][209]LogSlate: FSceneViewport::OnFocusLost() reason 0
[2019.05.27-07.46.47:050][487]LogSlate: FSceneViewport::OnFocusLost() reason 0
[2019.05.27-07.46.52:141][562]LogSlate: FSceneViewport::OnFocusLost() reason 0
[2019.05.27-07.47.06:893][867]LogSlate: FSceneViewport::OnFocusLost() reason 0
[2019.05.27-07.47.09:439][902]LogTemp: Repeating last play command: New Editor Window (PIE)
[2019.05.27-07.47.12:938][902]LogSlate: Window 'Message' being destroyed
[2019.05.27-07.47.18:458][ 30]LogSlate: FSceneViewport::OnFocusLost() reason 0
[2019.05.27-07.47.24:593][122]LogSlate: FSceneViewport::OnFocusLost() reason 0
[2019.05.27-07.48.12:989][366]LogSlate: FSceneViewport::OnFocusLost() reason 2
[2019.05.27-07.49.37:448][330]LogSlate: FSceneViewport::OnFocusLost() reason 0
[2019.05.27-07.49.38:962][354]LogEditorViewport: Clicking on Actor (LMB): StaticMeshActor (Wall6)
[2019.05.27-07.49.43:571][417]LogSlate: FSceneViewport::OnFocusLost() reason 0
[2019.05.27-07.50.00:673][964]LogEditorViewport: Clicking on Actor (LMB): MatineeActor (Door1Ani)
[2019.05.27-07.50.01:441][975]Cmd: DELETE
[2019.05.27-07.50.01:441][975]Cmd: ACTOR DELETE
[2019.05.27-07.50.01:598][975]LogEditorActor: Actor Door1Ani is referenced by Wall6.
[2019.05.27-07.50.01:636][975]LogSlate: FSceneViewport::OnFocusLost() reason 2
[2019.05.27-07.50.03:505][975]LogSlate: Window 'Message' being destroyed
[2019.05.27-07.50.03:512][975]LogEditorActor: Deleted Actor: MatineeActor
[2019.05.27-07.50.03:569][975]LogExit: Transaction tracking system shut down
[2019.05.27-07.50.03:571][975]LogEditorActor: Deleted 1 Actors (2.128 secs)
[2019.05.27-07.50.09:560][ 77]LogSlate: FSceneViewport::OnFocusLost() reason 2
[2019.05.27-07.50.10:738][129]LogInit: Transaction tracking system initialized
[2019.05.27-07.50.10:738][129]EditorErrors: New page: Matinee Initialization
[2019.05.27-07.50.12:548][175]LogSlate: FSceneViewport::OnFocusLost() reason 0
[2019.05.27-07.50.13:776][193]LogEditorViewport: Clicking on Actor (LMB): StaticMeshActor (Wall6)
[2019.05.27-07.50.14:419][200]LogSlate: FSceneViewport::OnFocusLost() reason 0
[2019.05.27-07.50.27:310][900]LogSlate: FSceneViewport::OnFocusLost() reason 0
[2019.05.27-07.50.31:285][958]LogSlate: FSceneViewport::OnFocusLost() reason 0
[2019.05.27-07.50.47:297][372]LogSlate: FSceneViewport::OnFocusLost() reason 0
[2019.05.27-07.50.59:016][618]LogSlate: FSceneViewport::OnFocusLost() reason 0
[2019.05.27-07.51.03:213][725]LogSlate: FSceneViewport::OnFocusLost() reason 0
[2019.05.27-07.51.09:338][812]LogSlate: FSceneViewport::OnFocusLost() reason 0
[2019.05.27-07.51.17:775][339]LogSlate: FSceneViewport::OnFocusLost() reason 2
[2019.05.27-07.51.19:102][428]LogSlate: FSceneViewport::OnFocusLost() reason 0
[2019.05.27-07.51.24:811][790]LogSlate: FSceneViewport::OnFocusLost() reason 0
[2019.05.27-07.52.56:612][204]LogEditorViewport: Clicking on Actor (LMB): MatineeActor (MatineeActor1)
[2019.05.27-07.52.57:360][212]LogEditorViewport: Clicking on Actor (LMB): StaticMeshActor (Wall6)
[2019.05.27-07.53.02:204][269]LogSlate: FSceneViewport::OnFocusLost() reason 0
[2019.05.27-07.53.06:908][383]LogSlate: FSceneViewport::OnFocusLost() reason 0
[2019.05.27-07.53.14:879][498]LogSlate: FSceneViewport::OnFocusLost() reason 0
[2019.05.27-07.53.45:845][400]LogSlate: FSceneViewport::OnFocusLost() reason 0
[2019.05.27-07.53.51:550][582]LogSlate: FSceneViewport::OnFocusLost() reason 0
[2019.05.27-07.54.01:469][725]LogSlate: FSceneViewport::OnFocusLost() reason 0
[2019.05.27-07.54.26:502][793]LogSlate: Window 'Message' being destroyed
[2019.05.27-07.54.28:299][793]LogSlate: Window 'Message' being destroyed
[2019.05.27-07.54.38:153][993]LogTemp: Repeating last play command: New Editor Window (PIE)
[2019.05.27-07.54.39:721][993]LogSlate: Window 'Message' being destroyed
[2019.05.27-07.54.44:452][ 94]LogTemp: Repeating last play command: New Editor Window (PIE)
[2019.05.27-07.54.45:825][ 94]LogSlate: Window 'Message' being destroyed
[2019.05.27-07.54.45:982][ 94]LogBlueprintUserMessages: Early PlayInEditor Detection: Level '/Game/_MyContent/Maps/Level_1.Level_1:PersistentLevel' has LevelScriptBlueprint '/Game/_MyContent/Maps/Level_1.Level_1:PersistentLevel.Level_1' with GeneratedClass '/Game/_MyContent/Maps/Level_1.Level_1_C' with ClassGeneratedBy '/Game/_MyContent/Maps/Level_1.Level_1:PersistentLevel.Level_1'
[2019.05.27-07.54.45:982][ 94]BlueprintLog: New page: Pre-Play auto-recompile
[2019.05.27-07.54.45:999][ 94]LogPlayLevel: [PlayLevel] Compiling Level_1 before play...
[2019.05.27-07.54.46:452][ 94]LogExit: Transaction tracking system shut down
[2019.05.27-07.54.46:454][ 94]LogPlayLevel: PlayLevel: Blueprint regeneration took 471 ms (1 blueprints)
[2019.05.27-07.54.46:455][ 94]PIE: New page: PIE session: Level_1 (28 May 2019 3:54:46 am)
[2019.05.27-07.54.46:455][ 94]LogPlayLevel: Creating play world package: /Game/_MyContent/Maps/UEDPIE_0_Level_1
[2019.05.27-07.54.46:850][ 94]LogPlayLevel: PIE: StaticDuplicateObject took: (0.395536s)
[2019.05.27-07.54.46:852][ 94]LogAIModule: Creating AISystem for world Level_1
[2019.05.27-07.54.46:852][ 94]LogPlayLevel: PIE: World Init took: (0.002080s)
[2019.05.27-07.54.46:852][ 94]LogPlayLevel: PIE: Created PIE world by copying editor world from /Game/_MyContent/Maps/Level_1.Level_1 to /Game/_MyContent/Maps/UEDPIE_0_Level_1.Level_1 (0.397858s)
[2019.05.27-07.54.46:986][ 94]LogInit: XAudio2 using 'Speakers (Realtek High Definition Audio)' : 2 channels at 48 kHz using 32 bits per sample (channel mask 0x3)
[2019.05.27-07.54.47:147][ 94]LogInit: FAudioDevice initialized.
[2019.05.27-07.54.47:154][ 94]LogSlate: Updating window title bar state: overlay mode, drag disabled, window buttons hidden, title bar hidden
[2019.05.27-07.54.47:189][ 94]LogLoad: Game class is 'MyGameMode_C'
[2019.05.27-07.54.47:247][ 94]LogWorld: Bringing World /Game/_MyContent/Maps/UEDPIE_0_Level_1.Level_1 up for play (max tick rate 0) at 2019.05.27-17.54.47
[2019.05.27-07.54.47:248][ 94]LogWorld: Bringing up level for play took: 0.057718
[2019.05.27-07.54.47:275][ 94]PIE: Play in editor start time for /Game/_MyContent/Maps/UEDPIE_0_Level_1 3.093
[2019.05.27-07.54.47:310][ 94]LogBlueprintUserMessages: Late PlayInEditor Detection: Level '/Game/_MyContent/Maps/Level_1.Level_1:PersistentLevel' has LevelScriptBlueprint '/Game/_MyContent/Maps/Level_1.Level_1:PersistentLevel.Level_1' with GeneratedClass '/Game/_MyContent/Maps/Level_1.Level_1_C' with ClassGeneratedBy '/Game/_MyContent/Maps/Level_1.Level_1:PersistentLevel.Level_1'
[2019.05.27-07.54.55:048][292]LogSlate: FSceneViewport::OnFocusLost() reason 0
[2019.05.27-07.54.55:159][295]LogSlate: Updating window title bar state: overlay mode, drag disabled, window buttons hidden, title bar hidden
[2019.05.27-07.54.55:159][295]LogBlueprintUserMessages: Early EndPlayMap Detection: Level '/Game/_MyContent/Maps/Level_1.Level_1:PersistentLevel' has LevelScriptBlueprint '/Game/_MyContent/Maps/Level_1.Level_1:PersistentLevel.Level_1' with GeneratedClass '/Game/_MyContent/Maps/Level_1.Level_1_C' with ClassGeneratedBy '/Game/_MyContent/Maps/Level_1.Level_1:PersistentLevel.Level_1'
[2019.05.27-07.54.55:204][295]LogSlate: Window 'Platforming Game Preview Standalone (64-bit/PCD3D_SM5)' being destroyed
[2019.05.27-07.54.55:291][295]LogPlayLevel: Display: Shutting down PIE online subsystems
[2019.05.27-07.54.55:291][295]LogBlueprintUserMessages: Late EndPlayMap Detection: Level '/Game/_MyContent/Maps/Level_1.Level_1:PersistentLevel' has LevelScriptBlueprint '/Game/_MyContent/Maps/Level_1.Level_1:PersistentLevel.Level_1' with GeneratedClass '/Game/_MyContent/Maps/Level_1.Level_1_C' with ClassGeneratedBy '/Game/_MyContent/Maps/Level_1.Level_1:PersistentLevel.Level_1'
[2019.05.27-07.54.55:450][296]LogPlayLevel: Display: Destroying online subsystem :Context_8
[2019.05.27-07.54.59:641][480]LogEditorViewport: Clicking on Actor (LMB): MatineeActor (MatineeActor1)
[2019.05.27-07.54.59:746][480]LogEditorViewport: Clicking on Actor (double click): MatineeActor (MatineeActor1)
[2019.05.27-07.55.01:004][502]LogSlate: FSceneViewport::OnFocusLost() reason 0
[2019.05.27-07.55.12:869][767]LogSlate: Window 'Convert Matinee to Level Sequence Asset' being destroyed
[2019.05.27-07.55.12:875][767]LogInit: Transaction tracking system initialized
[2019.05.27-07.55.12:875][767]EditorErrors: New page: Matinee Initialization
[2019.05.27-07.55.58:066][464]LogEditorViewport: Clicking on Actor (LMB): Cylinder_Blueprint_C (Cylinder_Blueprint)
[2019.05.27-07.59.02:352][ 76]LogEditorViewport: Clicking on Actor (LMB): StaticMeshActor (Wall6)
[2019.05.27-07.59.07:424][157]LogSlate: FSceneViewport::OnFocusLost() reason 2
[2019.05.27-07.59.09:962][266]LogSlate: FSceneViewport::OnFocusLost() reason 2
[2019.05.27-07.59.17:084][266]LogSlate: Window 'Convert Matinee to Level Sequence Asset' being destroyed
[2019.05.27-07.59.17:156][266]LogSlate: FSceneViewport::OnFocusLost() reason 2
[2019.05.27-07.59.18:785][266]LogSlate: Window 'Save Asset As' being destroyed
[2019.05.27-07.59.20:142][289]LogSlate: FSceneViewport::OnFocusLost() reason 2
[2019.05.27-07.59.23:528][461]LogSlate: FSceneViewport::OnFocusLost() reason 2
[2019.05.27-07.59.24:597][461]LogSlate: Window 'Convert Matinee to Level Sequence Asset' being destroyed
[2019.05.27-07.59.24:604][461]LogInit: Transaction tracking system initialized
[2019.05.27-07.59.24:605][461]EditorErrors: New page: Matinee Initialization
[2019.05.27-07.59.26:797][510]LogSlate: FSceneViewport::OnFocusLost() reason 2
[2019.05.27-07.59.31:733][634]LogSlate: FSceneViewport::OnFocusLost() reason 0
[2019.05.27-07.59.36:048][696]LogSlate: FSceneViewport::OnFocusLost() reason 0
[2019.05.27-08.01.18:069][704]LogSlate: FSceneViewport::OnFocusLost() reason 2
[2019.05.27-08.02.18:880][749]LogSlate: FSceneViewport::OnFocusLost() reason 0
[2019.05.27-08.02.30:878][939]LogSlate: FSceneViewport::OnFocusLost() reason 0
[2019.05.27-08.02.34:063][974]LogSlate: FSceneViewport::OnFocusLost() reason 0
[2019.05.27-08.02.38:642][ 50]LogSlate: FSceneViewport::OnFocusLost() reason 0
[2019.05.27-08.02.43:569][161]LogSlate: FSceneViewport::OnFocusLost() reason 0
[2019.05.27-08.02.44:482][178]LogEditorViewport: Clicking on Actor (LMB): Landscape (Landscape1)
[2019.05.27-08.02.44:855][181]LogEditorViewport: Clicking on Actor (LMB): StaticMeshActor (Wall6)
[2019.05.27-08.02.49:433][248]LogSlate: FSceneViewport::OnFocusLost() reason 0
[2019.05.27-08.02.55:325][411]LogSlate: FSceneViewport::OnFocusLost() reason 0
[2019.05.27-08.03.09:171][758]LogSlate: FSceneViewport::OnFocusLost() reason 0
[2019.05.27-08.03.10:877][788]LogEditorViewport: Clicking on Actor (LMB): StaticMeshActor (Wall5)
[2019.05.27-08.03.11:982][802]LogEditorViewport: Clicking on Actor (LMB): StaticMeshActor (Wall6)
[2019.05.27-08.03.16:725][872]LogSlate: FSceneViewport::OnFocusLost() reason 0
[2019.05.27-08.03.20:387][985]LogSlate: FSceneViewport::OnFocusLost() reason 2
[2019.05.27-08.03.28:977][443]LogSlate: FSceneViewport::OnFocusLost() reason 0
[2019.05.27-08.03.30:769][472]LogTemp: Repeating last play command: New Editor Window (PIE)
[2019.05.27-08.03.33:575][472]LogSlate: Window 'Message' being destroyed
[2019.05.27-08.03.38:700][612]LogSlate: FSceneViewport::OnFocusLost() reason 0
[2019.05.27-08.03.58:562][250]LogSlate: FSceneViewport::OnFocusLost() reason 0
[2019.05.27-08.04.03:650][331]LogSlate: FSceneViewport::OnFocusLost() reason 0
[2019.05.27-08.04.14:686][724]LogSlate: FSceneViewport::OnFocusLost() reason 0
[2019.05.27-08.04.25:718][962]LogSlate: FSceneViewport::OnFocusLost() reason 0
[2019.05.27-08.04.33:374][ 75]LogSlate: FSceneViewport::OnFocusLost() reason 0
[2019.05.27-08.04.38:433][239]LogSlate: FSceneViewport::OnFocusLost() reason 0
[2019.05.27-08.04.58:958][573]LogSlate: FSceneViewport::OnFocusLost() reason 2
[2019.05.27-08.05.02:003][765]LogSlate: FSceneViewport::OnFocusLost() reason 2
[2019.05.27-08.05.30:144][ 33]LogSlate: FSceneViewport::OnFocusLost() reason 0
[2019.05.27-08.05.33:384][ 81]LogSlate: FSceneViewport::OnFocusLost() reason 0
[2019.05.27-08.05.37:483][197]LogSlate: FSceneViewport::OnFocusLost() reason 0
[2019.05.27-08.05.46:196][366]LogSlate: FSceneViewport::OnFocusLost() reason 0
[2019.05.27-08.05.54:790][494]LogSlate: FSceneViewport::OnFocusLost() reason 0
